

Started GET "/users" for 127.0.0.1 at 2018-10-20 22:26:41 -0300

ActionController::RoutingError (No route matches [GET] "/users"):
  actionpack (4.2.5) lib/action_dispatch/middleware/debug_exceptions.rb:21:in `call'
  web-console (2.3.0) lib/web_console/middleware.rb:28:in `block in call'
  web-console (2.3.0) lib/web_console/middleware.rb:18:in `catch'
  web-console (2.3.0) lib/web_console/middleware.rb:18:in `call'
  actionpack (4.2.5) lib/action_dispatch/middleware/show_exceptions.rb:30:in `call'
  railties (4.2.5) lib/rails/rack/logger.rb:38:in `call_app'
  railties (4.2.5) lib/rails/rack/logger.rb:20:in `block in call'
  activesupport (4.2.5) lib/active_support/tagged_logging.rb:68:in `block in tagged'
  activesupport (4.2.5) lib/active_support/tagged_logging.rb:26:in `tagged'
  activesupport (4.2.5) lib/active_support/tagged_logging.rb:68:in `tagged'
  railties (4.2.5) lib/rails/rack/logger.rb:20:in `call'
  actionpack (4.2.5) lib/action_dispatch/middleware/request_id.rb:21:in `call'
  rack (1.6.10) lib/rack/methodoverride.rb:22:in `call'
  rack (1.6.10) lib/rack/runtime.rb:18:in `call'
  activesupport (4.2.5) lib/active_support/cache/strategy/local_cache_middleware.rb:28:in `call'
  rack (1.6.10) lib/rack/lock.rb:17:in `call'
  actionpack (4.2.5) lib/action_dispatch/middleware/static.rb:116:in `call'
  rack (1.6.10) lib/rack/sendfile.rb:113:in `call'
  railties (4.2.5) lib/rails/engine.rb:518:in `call'
  railties (4.2.5) lib/rails/application.rb:165:in `call'
  rack (1.6.10) lib/rack/lock.rb:17:in `call'
  rack (1.6.10) lib/rack/content_length.rb:15:in `call'
  rack (1.6.10) lib/rack/handler/webrick.rb:88:in `service'
  /usr/share/rvm/rubies/ruby-2.3.7/lib/ruby/2.3.0/webrick/httpserver.rb:140:in `service'
  /usr/share/rvm/rubies/ruby-2.3.7/lib/ruby/2.3.0/webrick/httpserver.rb:96:in `run'
  /usr/share/rvm/rubies/ruby-2.3.7/lib/ruby/2.3.0/webrick/server.rb:314:in `block in start_thread'


  Rendered /home/bruna/.rvm/gems/ruby-2.3.7/gems/actionpack-4.2.5/lib/action_dispatch/middleware/templates/rescues/_trace.html.erb (2.5ms)
  Rendered /home/bruna/.rvm/gems/ruby-2.3.7/gems/actionpack-4.2.5/lib/action_dispatch/middleware/templates/routes/_route.html.erb (1.4ms)
  Rendered /home/bruna/.rvm/gems/ruby-2.3.7/gems/actionpack-4.2.5/lib/action_dispatch/middleware/templates/routes/_table.html.erb (8.7ms)
  Rendered /home/bruna/.rvm/gems/ruby-2.3.7/gems/actionpack-4.2.5/lib/action_dispatch/middleware/templates/rescues/_request_and_response.html.erb (13.0ms)
  Rendered /home/bruna/.rvm/gems/ruby-2.3.7/gems/actionpack-4.2.5/lib/action_dispatch/middleware/templates/rescues/routing_error.html.erb within rescues/layout (61.5ms)
  Rendered /home/bruna/.rvm/gems/ruby-2.3.7/gems/web-console-2.3.0/lib/web_console/templates/_markup.html.erb (0.5ms)
  Rendered /home/bruna/.rvm/gems/ruby-2.3.7/gems/web-console-2.3.0/lib/web_console/templates/_inner_console_markup.html.erb within layouts/inlined_string (0.7ms)
  Rendered /home/bruna/.rvm/gems/ruby-2.3.7/gems/web-console-2.3.0/lib/web_console/templates/_prompt_box_markup.html.erb within layouts/inlined_string (0.4ms)
  Rendered /home/bruna/.rvm/gems/ruby-2.3.7/gems/web-console-2.3.0/lib/web_console/templates/style.css.erb within layouts/inlined_string (0.5ms)
  Rendered /home/bruna/.rvm/gems/ruby-2.3.7/gems/web-console-2.3.0/lib/web_console/templates/console.js.erb within layouts/javascript (29.4ms)
  Rendered /home/bruna/.rvm/gems/ruby-2.3.7/gems/web-console-2.3.0/lib/web_console/templates/main.js.erb within layouts/javascript (0.4ms)
  Rendered /home/bruna/.rvm/gems/ruby-2.3.7/gems/web-console-2.3.0/lib/web_console/templates/error_page.js.erb within layouts/javascript (0.6ms)
  Rendered /home/bruna/.rvm/gems/ruby-2.3.7/gems/web-console-2.3.0/lib/web_console/templates/index.html.erb (53.8ms)


Started GET "/users" for 127.0.0.1 at 2018-10-20 22:26:44 -0300

ActionController::RoutingError (No route matches [GET] "/users"):
  actionpack (4.2.5) lib/action_dispatch/middleware/debug_exceptions.rb:21:in `call'
  web-console (2.3.0) lib/web_console/middleware.rb:28:in `block in call'
  web-console (2.3.0) lib/web_console/middleware.rb:18:in `catch'
  web-console (2.3.0) lib/web_console/middleware.rb:18:in `call'
  actionpack (4.2.5) lib/action_dispatch/middleware/show_exceptions.rb:30:in `call'
  railties (4.2.5) lib/rails/rack/logger.rb:38:in `call_app'
  railties (4.2.5) lib/rails/rack/logger.rb:20:in `block in call'
  activesupport (4.2.5) lib/active_support/tagged_logging.rb:68:in `block in tagged'
  activesupport (4.2.5) lib/active_support/tagged_logging.rb:26:in `tagged'
  activesupport (4.2.5) lib/active_support/tagged_logging.rb:68:in `tagged'
  railties (4.2.5) lib/rails/rack/logger.rb:20:in `call'
  actionpack (4.2.5) lib/action_dispatch/middleware/request_id.rb:21:in `call'
  rack (1.6.10) lib/rack/methodoverride.rb:22:in `call'
  rack (1.6.10) lib/rack/runtime.rb:18:in `call'
  activesupport (4.2.5) lib/active_support/cache/strategy/local_cache_middleware.rb:28:in `call'
  rack (1.6.10) lib/rack/lock.rb:17:in `call'
  actionpack (4.2.5) lib/action_dispatch/middleware/static.rb:116:in `call'
  rack (1.6.10) lib/rack/sendfile.rb:113:in `call'
  railties (4.2.5) lib/rails/engine.rb:518:in `call'
  railties (4.2.5) lib/rails/application.rb:165:in `call'
  rack (1.6.10) lib/rack/lock.rb:17:in `call'
  rack (1.6.10) lib/rack/content_length.rb:15:in `call'
  rack (1.6.10) lib/rack/handler/webrick.rb:88:in `service'
  /usr/share/rvm/rubies/ruby-2.3.7/lib/ruby/2.3.0/webrick/httpserver.rb:140:in `service'
  /usr/share/rvm/rubies/ruby-2.3.7/lib/ruby/2.3.0/webrick/httpserver.rb:96:in `run'
  /usr/share/rvm/rubies/ruby-2.3.7/lib/ruby/2.3.0/webrick/server.rb:314:in `block in start_thread'


  Rendered /home/bruna/.rvm/gems/ruby-2.3.7/gems/actionpack-4.2.5/lib/action_dispatch/middleware/templates/rescues/_trace.html.erb (2.3ms)
  Rendered /home/bruna/.rvm/gems/ruby-2.3.7/gems/actionpack-4.2.5/lib/action_dispatch/middleware/templates/routes/_route.html.erb (1.1ms)
  Rendered /home/bruna/.rvm/gems/ruby-2.3.7/gems/actionpack-4.2.5/lib/action_dispatch/middleware/templates/routes/_table.html.erb (1.6ms)
  Rendered /home/bruna/.rvm/gems/ruby-2.3.7/gems/actionpack-4.2.5/lib/action_dispatch/middleware/templates/rescues/_request_and_response.html.erb (1.4ms)
  Rendered /home/bruna/.rvm/gems/ruby-2.3.7/gems/actionpack-4.2.5/lib/action_dispatch/middleware/templates/rescues/routing_error.html.erb within rescues/layout (35.4ms)
  Rendered /home/bruna/.rvm/gems/ruby-2.3.7/gems/web-console-2.3.0/lib/web_console/templates/_markup.html.erb (0.5ms)
  Rendered /home/bruna/.rvm/gems/ruby-2.3.7/gems/web-console-2.3.0/lib/web_console/templates/_inner_console_markup.html.erb within layouts/inlined_string (0.4ms)
  Rendered /home/bruna/.rvm/gems/ruby-2.3.7/gems/web-console-2.3.0/lib/web_console/templates/_prompt_box_markup.html.erb within layouts/inlined_string (0.5ms)
  Rendered /home/bruna/.rvm/gems/ruby-2.3.7/gems/web-console-2.3.0/lib/web_console/templates/style.css.erb within layouts/inlined_string (0.5ms)
  Rendered /home/bruna/.rvm/gems/ruby-2.3.7/gems/web-console-2.3.0/lib/web_console/templates/console.js.erb within layouts/javascript (24.1ms)
  Rendered /home/bruna/.rvm/gems/ruby-2.3.7/gems/web-console-2.3.0/lib/web_console/templates/main.js.erb within layouts/javascript (0.5ms)
  Rendered /home/bruna/.rvm/gems/ruby-2.3.7/gems/web-console-2.3.0/lib/web_console/templates/error_page.js.erb within layouts/javascript (0.6ms)
  Rendered /home/bruna/.rvm/gems/ruby-2.3.7/gems/web-console-2.3.0/lib/web_console/templates/index.html.erb (48.1ms)


Started GET "/" for 127.0.0.1 at 2018-10-20 22:26:48 -0300
Processing by Rails::WelcomeController#index as HTML
  Rendered /home/bruna/.rvm/gems/ruby-2.3.7/gems/railties-4.2.5/lib/rails/templates/rails/welcome/index.html.erb (1.0ms)
Completed 200 OK in 7ms (Views: 6.6ms | ActiveRecord: 0.0ms)


Started GET "/static_pages/home" for 127.0.0.1 at 2018-10-20 22:26:56 -0300
Processing by StaticPagesController#home as HTML
  Rendered static_pages/home.html.erb within layouts/application (0.4ms)
Completed 200 OK in 929ms (Views: 928.4ms | ActiveRecord: 0.0ms)


Started GET "/assets/static_pages.self-e3b0c44298fc1c149afbf4c8996fb92427ae41e4649b934ca495991b7852b855.css?body=1" for 127.0.0.1 at 2018-10-20 22:26:57 -0300


Started GET "/assets/static_pages.self-877aef30ae1b040ab8a3aba4e3e309a11d7f2612f44dde450b5c157aa5f95c05.js?body=1" for 127.0.0.1 at 2018-10-20 22:26:57 -0300


Started GET "/static_pages/home" for 127.0.0.1 at 2018-10-20 22:39:26 -0300
Processing by StaticPagesController#home as HTML
  Rendered static_pages/home.html.erb within layouts/application (1.5ms)
Completed 200 OK in 325ms (Views: 312.2ms | ActiveRecord: 0.0ms)


Started GET "/static_pages/home" for 127.0.0.1 at 2018-10-20 22:39:36 -0300
Processing by StaticPagesController#home as HTML
  Rendered static_pages/home.html.erb within layouts/application (0.5ms)
Completed 200 OK in 18ms (Views: 17.5ms | ActiveRecord: 0.0ms)


Started GET "/static_pages/help" for 127.0.0.1 at 2018-10-20 22:39:47 -0300
Processing by StaticPagesController#help as HTML
  Rendered static_pages/help.html.erb within layouts/application (0.4ms)
Completed 200 OK in 21ms (Views: 20.2ms | ActiveRecord: 0.0ms)
  [1m[36m (111.2ms)[0m  [1mCREATE TABLE "schema_migrations" ("version" varchar NOT NULL) [0m
  [1m[35m (0.3ms)[0m  select sqlite_version(*)
  [1m[36m (90.4ms)[0m  [1mCREATE UNIQUE INDEX "unique_schema_migrations" ON "schema_migrations" ("version")[0m
  [1m[35mActiveRecord::SchemaMigration Load (0.3ms)[0m  SELECT "schema_migrations".* FROM "schema_migrations"


Started GET "/static_pages/about" for 127.0.0.1 at 2018-10-21 00:47:52 -0300
Processing by StaticPagesController#about as HTML
  Rendered static_pages/about.html.erb within layouts/application (1.5ms)
Completed 200 OK in 314ms (Views: 301.6ms | ActiveRecord: 0.0ms)
  [1m[36mActiveRecord::SchemaMigration Load (0.1ms)[0m  [1mSELECT "schema_migrations".* FROM "schema_migrations"[0m


Started GET "/static_pages/home" for 127.0.0.1 at 2018-10-21 01:21:25 -0300
Processing by StaticPagesController#home as HTML
  Rendered static_pages/home.html.erb (1.4ms)
Completed 200 OK in 23ms (Views: 12.0ms | ActiveRecord: 0.0ms)


Started GET "/static_pages/home" for 127.0.0.1 at 2018-10-21 12:02:41 -0300
Processing by StaticPagesController#home as HTML
  Rendered static_pages/home.html.erb (1.9ms)
Completed 200 OK in 25ms (Views: 12.9ms | ActiveRecord: 0.0ms)


Started GET "/static_pages/home" for 127.0.0.1 at 2018-10-21 12:02:43 -0300
Processing by StaticPagesController#home as HTML
  Rendered static_pages/home.html.erb (0.1ms)
Completed 200 OK in 3ms (Views: 2.7ms | ActiveRecord: 0.0ms)


Started GET "/static_pages/home" for 127.0.0.1 at 2018-10-21 12:03:12 -0300
Processing by StaticPagesController#home as HTML
  Rendered static_pages/home.html.erb (0.6ms)
Completed 200 OK in 3ms (Views: 2.8ms | ActiveRecord: 0.0ms)


Started GET "/static_pages/help" for 127.0.0.1 at 2018-10-21 12:12:55 -0300
Processing by StaticPagesController#help as HTML
  Rendered static_pages/help.html.erb (0.6ms)
Completed 200 OK in 6ms (Views: 5.5ms | ActiveRecord: 0.0ms)


Started GET "/static_pages/about" for 127.0.0.1 at 2018-10-21 12:13:59 -0300
Processing by StaticPagesController#about as HTML
  Rendered static_pages/about.html.erb (1.4ms)
Completed 200 OK in 6ms (Views: 4.4ms | ActiveRecord: 0.0ms)


Started GET "/static_pages/about" for 127.0.0.1 at 2018-10-21 12:25:12 -0300
Processing by StaticPagesController#about as HTML
  Rendered static_pages/about.html.erb within layouts/application (1.6ms)
Completed 200 OK in 321ms (Views: 309.0ms | ActiveRecord: 0.0ms)


Started GET "/rails/info/routes" for 127.0.0.1 at 2018-10-21 12:25:26 -0300
Processing by Rails::InfoController#routes as HTML
  Rendered /home/bruna/.rvm/gems/ruby-2.3.7/gems/actionpack-4.2.5/lib/action_dispatch/middleware/templates/routes/_route.html.erb (1.3ms)
  Rendered /home/bruna/.rvm/gems/ruby-2.3.7/gems/actionpack-4.2.5/lib/action_dispatch/middleware/templates/routes/_table.html.erb (8.8ms)
  Rendered /home/bruna/.rvm/gems/ruby-2.3.7/gems/railties-4.2.5/lib/rails/templates/rails/info/routes.html.erb within layouts/application (16.7ms)
Completed 200 OK in 25ms (Views: 24.5ms | ActiveRecord: 0.0ms)


Started GET "/static_pages/about" for 127.0.0.1 at 2018-10-21 12:26:45 -0300
Processing by StaticPagesController#about as HTML
  Rendered static_pages/about.html.erb within layouts/application (1.7ms)
Completed 200 OK in 325ms (Views: 312.9ms | ActiveRecord: 0.0ms)


Started GET "/" for 127.0.0.1 at 2018-10-21 12:33:03 -0300
Processing by StaticPagesController#home as HTML
  Rendered static_pages/home.html.erb within layouts/application (1.6ms)
Completed 200 OK in 314ms (Views: 302.2ms | ActiveRecord: 0.0ms)


Started GET "/" for 127.0.0.1 at 2018-10-21 12:59:56 -0300
Processing by StaticPagesController#home as HTML
  Rendered static_pages/home.html.erb within layouts/application (1.8ms)
Completed 200 OK in 325ms (Views: 313.6ms | ActiveRecord: 0.0ms)


Started GET "/rails/info/routes" for 127.0.0.1 at 2018-10-21 12:59:59 -0300
Processing by Rails::InfoController#routes as HTML
  Rendered /home/bruna/.rvm/gems/ruby-2.3.7/gems/actionpack-4.2.5/lib/action_dispatch/middleware/templates/routes/_route.html.erb (1.4ms)
  Rendered /home/bruna/.rvm/gems/ruby-2.3.7/gems/actionpack-4.2.5/lib/action_dispatch/middleware/templates/routes/_table.html.erb (8.9ms)
  Rendered /home/bruna/.rvm/gems/ruby-2.3.7/gems/railties-4.2.5/lib/rails/templates/rails/info/routes.html.erb within layouts/application (17.2ms)
Completed 200 OK in 26ms (Views: 25.0ms | ActiveRecord: 0.0ms)


Started GET "/" for 127.0.0.1 at 2018-10-21 15:38:14 -0300
Processing by StaticPagesController#home as HTML
  Rendered static_pages/home.html.erb within layouts/application (1.7ms)
Completed 200 OK in 346ms (Views: 333.5ms | ActiveRecord: 0.0ms)


Started GET "/" for 127.0.0.1 at 2018-11-03 17:53:29 -0300
Processing by StaticPagesController#home as HTML
  Rendered static_pages/home.html.erb within layouts/application (11.3ms)
Completed 200 OK in 455ms (Views: 443.1ms | ActiveRecord: 0.0ms)


Started GET "/assets/static_pages.self-e3b0c44298fc1c149afbf4c8996fb92427ae41e4649b934ca495991b7852b855.css?body=1" for 127.0.0.1 at 2018-11-03 17:53:29 -0300


Started GET "/assets/application.self-e80e8f2318043e8af94dddc2adad5a4f09739a8ebb323b3ab31cd71d45fd9113.css?body=1" for 127.0.0.1 at 2018-11-03 17:53:29 -0300


Started GET "/assets/jquery_ujs.self-784a997f6726036b1993eb2217c9cb558e1cbb801c6da88105588c56f13b466a.js?body=1" for 127.0.0.1 at 2018-11-03 17:53:29 -0300


Started GET "/assets/static_pages.self-877aef30ae1b040ab8a3aba4e3e309a11d7f2612f44dde450b5c157aa5f95c05.js?body=1" for 127.0.0.1 at 2018-11-03 17:53:29 -0300


Started GET "/assets/application.self-3b8dabdc891efe46b9a144b400ad69e37d7e5876bdc39dee783419a69d7ca819.js?body=1" for 127.0.0.1 at 2018-11-03 17:53:29 -0300


Started GET "/assets/jquery.self-bd7ddd393353a8d2480a622e80342adf488fb6006d667e8b42e4c0073393abee.js?body=1" for 127.0.0.1 at 2018-11-03 17:53:29 -0300


Started GET "/assets/turbolinks.self-569ee74eaa15c1e2019317ff770b8769b1ec033a0f572a485f64c82ddc8f989e.js?body=1" for 127.0.0.1 at 2018-11-03 17:53:29 -0300


Started GET "/" for 127.0.0.1 at 2018-11-03 17:53:49 -0300
Processing by StaticPagesController#home as HTML
  Rendered static_pages/home.html.erb within layouts/application (0.1ms)
Completed 200 OK in 21ms (Views: 19.4ms | ActiveRecord: 0.0ms)


Started GET "/" for 127.0.0.1 at 2018-11-03 18:06:35 -0300
Processing by StaticPagesController#home as HTML
  Rendered static_pages/home.html.erb within layouts/application (345.6ms)
Completed 200 OK in 439ms (Views: 427.0ms | ActiveRecord: 0.0ms)


Started GET "/assets/rails-c094bc3a4bf50e5bb477109e5cb0d213af27ad75b481c4df249f50974dbeefe6.png" for 127.0.0.1 at 2018-11-03 18:06:35 -0300


Started GET "/" for 127.0.0.1 at 2018-11-03 18:13:57 -0300
Processing by StaticPagesController#home as HTML
  Rendered static_pages/home.html.erb within layouts/application (1.3ms)
Completed 500 Internal Server Error in 24ms (ActiveRecord: 0.0ms)

SyntaxError (/home/bruna/Documentos/Projetos/sample_app/app/views/static_pages/home.html.erb:18: syntax error, unexpected keyword_ensure, expecting ')'
/home/bruna/Documentos/Projetos/sample_app/app/views/static_pages/home.html.erb:20: syntax error, unexpected keyword_end, expecting ')'):
  app/views/static_pages/home.html.erb:18: syntax error, unexpected keyword_ensure, expecting ')'
  app/views/static_pages/home.html.erb:20: syntax error, unexpected keyword_end, expecting ')'


  Rendered /home/bruna/.rvm/gems/ruby-2.3.7/gems/actionpack-4.2.5/lib/action_dispatch/middleware/templates/rescues/_source.erb (10.7ms)
  Rendered /home/bruna/.rvm/gems/ruby-2.3.7/gems/actionpack-4.2.5/lib/action_dispatch/middleware/templates/rescues/_trace.html.erb (4.2ms)
  Rendered /home/bruna/.rvm/gems/ruby-2.3.7/gems/actionpack-4.2.5/lib/action_dispatch/middleware/templates/rescues/_request_and_response.html.erb (1.5ms)
  Rendered /home/bruna/.rvm/gems/ruby-2.3.7/gems/actionpack-4.2.5/lib/action_dispatch/middleware/templates/rescues/diagnostics.html.erb within rescues/layout (46.5ms)
  Rendered /home/bruna/.rvm/gems/ruby-2.3.7/gems/web-console-2.3.0/lib/web_console/templates/_markup.html.erb (0.6ms)
  Rendered /home/bruna/.rvm/gems/ruby-2.3.7/gems/web-console-2.3.0/lib/web_console/templates/_inner_console_markup.html.erb within layouts/inlined_string (0.6ms)
  Rendered /home/bruna/.rvm/gems/ruby-2.3.7/gems/web-console-2.3.0/lib/web_console/templates/_prompt_box_markup.html.erb within layouts/inlined_string (1.9ms)
  Rendered /home/bruna/.rvm/gems/ruby-2.3.7/gems/web-console-2.3.0/lib/web_console/templates/style.css.erb within layouts/inlined_string (0.6ms)
  Rendered /home/bruna/.rvm/gems/ruby-2.3.7/gems/web-console-2.3.0/lib/web_console/templates/console.js.erb within layouts/javascript (66.4ms)
  Rendered /home/bruna/.rvm/gems/ruby-2.3.7/gems/web-console-2.3.0/lib/web_console/templates/main.js.erb within layouts/javascript (0.4ms)
  Rendered /home/bruna/.rvm/gems/ruby-2.3.7/gems/web-console-2.3.0/lib/web_console/templates/error_page.js.erb within layouts/javascript (0.6ms)
  Rendered /home/bruna/.rvm/gems/ruby-2.3.7/gems/web-console-2.3.0/lib/web_console/templates/index.html.erb (120.4ms)


Started GET "/" for 127.0.0.1 at 2018-11-03 18:15:32 -0300
Processing by StaticPagesController#home as HTML
  Rendered static_pages/home.html.erb within layouts/application (442.0ms)
Completed 200 OK in 519ms (Views: 518.3ms | ActiveRecord: 0.0ms)


Started GET "/assets/kitten-44dde42a7808d66c6f314c6587e2c0faabb03d8a3c2c47e4d07e09c08e3c1c6b.jpg" for 127.0.0.1 at 2018-11-03 18:15:32 -0300


Started GET "/" for 127.0.0.1 at 2018-11-03 18:15:41 -0300
Processing by StaticPagesController#home as HTML
  Rendered static_pages/home.html.erb within layouts/application (2.3ms)
Completed 200 OK in 24ms (Views: 23.7ms | ActiveRecord: 0.0ms)


Started GET "/" for 127.0.0.1 at 2018-11-03 18:15:45 -0300
Processing by StaticPagesController#home as HTML
  Rendered static_pages/home.html.erb within layouts/application (2.4ms)
Completed 200 OK in 22ms (Views: 20.9ms | ActiveRecord: 0.0ms)


Started GET "/" for 127.0.0.1 at 2018-11-03 18:15:46 -0300
Processing by StaticPagesController#home as HTML
  Rendered static_pages/home.html.erb within layouts/application (2.4ms)
Completed 200 OK in 27ms (Views: 26.3ms | ActiveRecord: 0.0ms)


Started GET "/" for 127.0.0.1 at 2018-11-03 18:15:55 -0300
Processing by StaticPagesController#home as HTML
  Rendered static_pages/home.html.erb within layouts/application (3.7ms)
Completed 200 OK in 47ms (Views: 46.6ms | ActiveRecord: 0.0ms)


Started GET "/" for 127.0.0.1 at 2018-11-03 18:15:56 -0300
Processing by StaticPagesController#home as HTML
  Rendered static_pages/home.html.erb within layouts/application (3.8ms)
Completed 200 OK in 39ms (Views: 38.3ms | ActiveRecord: 0.0ms)


Started GET "/" for 127.0.0.1 at 2018-11-03 18:15:56 -0300
Processing by StaticPagesController#home as HTML
  Rendered static_pages/home.html.erb within layouts/application (2.9ms)
Completed 200 OK in 26ms (Views: 25.1ms | ActiveRecord: 0.0ms)


Started GET "/" for 127.0.0.1 at 2018-11-03 18:15:56 -0300
Processing by StaticPagesController#home as HTML
  Rendered static_pages/home.html.erb within layouts/application (3.4ms)
Completed 200 OK in 23ms (Views: 22.7ms | ActiveRecord: 0.0ms)


Started GET "/" for 127.0.0.1 at 2018-11-03 18:18:22 -0300
Processing by StaticPagesController#home as HTML
  Rendered static_pages/home.html.erb within layouts/application (565.9ms)
Completed 200 OK in 715ms (Views: 703.2ms | ActiveRecord: 0.0ms)


Started GET "/" for 127.0.0.1 at 2018-11-03 18:21:11 -0300
Processing by StaticPagesController#home as HTML
  Rendered static_pages/home.html.erb within layouts/application (6619.4ms)
Completed 200 OK in 6755ms (Views: 6743.5ms | ActiveRecord: 0.0ms)


Started GET "/assets/custom.self-8483df1798cf690819a762b03130a3548ab66b33693159f4d9a2e2c322337456.css?body=1" for 127.0.0.1 at 2018-11-03 18:21:18 -0300


Started GET "/" for 127.0.0.1 at 2018-11-03 18:25:00 -0300
Processing by StaticPagesController#home as HTML
  Rendered static_pages/home.html.erb within layouts/application (2618.3ms)
Completed 200 OK in 2707ms (Views: 2693.7ms | ActiveRecord: 0.0ms)


Started GET "/assets/custom.self-ae4f19c46afae5458af4f75ff652bf7eb8d7c56a5f2b0d47ef18412f6c92051b.css?body=1" for 127.0.0.1 at 2018-11-03 18:25:03 -0300


Started GET "/" for 127.0.0.1 at 2018-11-03 18:53:35 -0300
Processing by StaticPagesController#home as HTML
  Rendered static_pages/home.html.erb within layouts/application (292.2ms)
Completed 200 OK in 355ms (Views: 343.9ms | ActiveRecord: 0.0ms)


Started GET "/assets/custom.self-ae4f19c46afae5458af4f75ff652bf7eb8d7c56a5f2b0d47ef18412f6c92051b.css?body=1" for 127.0.0.1 at 2018-11-03 18:53:35 -0300


Started GET "/assets/static_pages.self-e3b0c44298fc1c149afbf4c8996fb92427ae41e4649b934ca495991b7852b855.css?body=1" for 127.0.0.1 at 2018-11-03 18:53:35 -0300


Started GET "/assets/application.self-e80e8f2318043e8af94dddc2adad5a4f09739a8ebb323b3ab31cd71d45fd9113.css?body=1" for 127.0.0.1 at 2018-11-03 18:53:37 -0300


Started GET "/assets/jquery.self-bd7ddd393353a8d2480a622e80342adf488fb6006d667e8b42e4c0073393abee.js?body=1" for 127.0.0.1 at 2018-11-03 18:53:37 -0300


Started GET "/assets/turbolinks.self-569ee74eaa15c1e2019317ff770b8769b1ec033a0f572a485f64c82ddc8f989e.js?body=1" for 127.0.0.1 at 2018-11-03 18:53:37 -0300


Started GET "/assets/jquery_ujs.self-784a997f6726036b1993eb2217c9cb558e1cbb801c6da88105588c56f13b466a.js?body=1" for 127.0.0.1 at 2018-11-03 18:53:37 -0300


Started GET "/assets/rails-c094bc3a4bf50e5bb477109e5cb0d213af27ad75b481c4df249f50974dbeefe6.png" for 127.0.0.1 at 2018-11-03 18:53:37 -0300


Started GET "/assets/kitten-44dde42a7808d66c6f314c6587e2c0faabb03d8a3c2c47e4d07e09c08e3c1c6b.jpg" for 127.0.0.1 at 2018-11-03 18:53:37 -0300


Started GET "/assets/static_pages.self-877aef30ae1b040ab8a3aba4e3e309a11d7f2612f44dde450b5c157aa5f95c05.js?body=1" for 127.0.0.1 at 2018-11-03 18:53:37 -0300


Started GET "/assets/application.self-3b8dabdc891efe46b9a144b400ad69e37d7e5876bdc39dee783419a69d7ca819.js?body=1" for 127.0.0.1 at 2018-11-03 18:53:37 -0300


Started GET "/" for 127.0.0.1 at 2018-11-03 18:56:12 -0300
Processing by StaticPagesController#home as HTML
  Rendered static_pages/home.html.erb within layouts/application (4.7ms)
Completed 200 OK in 51ms (Views: 50.1ms | ActiveRecord: 0.0ms)


Started GET "/" for 127.0.0.1 at 2018-11-03 18:56:14 -0300
Processing by StaticPagesController#home as HTML
  Rendered static_pages/home.html.erb within layouts/application (20.1ms)
Completed 200 OK in 88ms (Views: 87.8ms | ActiveRecord: 0.0ms)


Started GET "/" for 127.0.0.1 at 2018-11-03 18:56:16 -0300
Processing by StaticPagesController#home as HTML
  Rendered static_pages/home.html.erb within layouts/application (10.4ms)
Completed 200 OK in 82ms (Views: 81.1ms | ActiveRecord: 0.0ms)


Started GET "/" for 127.0.0.1 at 2018-11-03 18:56:17 -0300
Processing by StaticPagesController#home as HTML
  Rendered static_pages/home.html.erb within layouts/application (3.0ms)
Completed 200 OK in 51ms (Views: 50.4ms | ActiveRecord: 0.0ms)


Started GET "/" for 127.0.0.1 at 2018-11-03 18:56:17 -0300
Processing by StaticPagesController#home as HTML
  Rendered static_pages/home.html.erb within layouts/application (6.9ms)
Completed 200 OK in 48ms (Views: 47.8ms | ActiveRecord: 0.0ms)


Started GET "/" for 127.0.0.1 at 2018-11-03 19:00:21 -0300
Processing by StaticPagesController#home as HTML
  Rendered static_pages/home.html.erb within layouts/application (3.4ms)
Completed 200 OK in 2367ms (Views: 2366.4ms | ActiveRecord: 0.0ms)


Started GET "/assets/custom.self-38045004376057da85fd1c4655eb7a794e309a39c033c9c5d93112e07f00ed4f.css?body=1" for 127.0.0.1 at 2018-11-03 19:00:23 -0300


Started GET "/assets/static_pages.self-e3b0c44298fc1c149afbf4c8996fb92427ae41e4649b934ca495991b7852b855.css?body=1" for 127.0.0.1 at 2018-11-03 19:00:23 -0300


Started GET "/assets/application.self-e80e8f2318043e8af94dddc2adad5a4f09739a8ebb323b3ab31cd71d45fd9113.css?body=1" for 127.0.0.1 at 2018-11-03 19:00:23 -0300


Started GET "/" for 127.0.0.1 at 2018-11-03 19:02:22 -0300
Processing by StaticPagesController#home as HTML
  Rendered static_pages/home.html.erb within layouts/application (2.6ms)
Completed 200 OK in 2310ms (Views: 2309.9ms | ActiveRecord: 0.0ms)


Started GET "/assets/custom.self-14a5624f853c3c2d238a5bd5c027fd016e63a066eb5353d981e3b9d66b978eec.css?body=1" for 127.0.0.1 at 2018-11-03 19:02:24 -0300


Started GET "/" for 127.0.0.1 at 2018-11-03 19:02:26 -0300
Processing by StaticPagesController#home as HTML
  Rendered static_pages/home.html.erb within layouts/application (2.5ms)
Completed 200 OK in 39ms (Views: 38.0ms | ActiveRecord: 0.0ms)


Started GET "/" for 127.0.0.1 at 2018-11-03 19:02:36 -0300
Processing by StaticPagesController#home as HTML
  Rendered static_pages/home.html.erb within layouts/application (2.5ms)
Completed 200 OK in 2362ms (Views: 2361.2ms | ActiveRecord: 0.0ms)


Started GET "/assets/custom.self-e67877de88e7e05a5cd04bb76cfc53b4dd2ea1400cf9ae3b3e5a2d73834696ef.css?body=1" for 127.0.0.1 at 2018-11-03 19:02:39 -0300


Started GET "/" for 127.0.0.1 at 2018-11-03 19:02:55 -0300
Processing by StaticPagesController#home as HTML
  Rendered static_pages/home.html.erb within layouts/application (7.7ms)
Completed 200 OK in 2465ms (Views: 2464.2ms | ActiveRecord: 0.0ms)


Started GET "/assets/custom.self-0194c288e4bf90a3aaa5ae7369693b22f7703bff8ff39d694143ed4be75d7bbd.css?body=1" for 127.0.0.1 at 2018-11-03 19:02:57 -0300


Started GET "/" for 127.0.0.1 at 2018-11-03 19:03:10 -0300
Processing by StaticPagesController#home as HTML
  Rendered static_pages/home.html.erb within layouts/application (3.0ms)
Completed 200 OK in 39ms (Views: 38.7ms | ActiveRecord: 0.0ms)


Started GET "/" for 127.0.0.1 at 2018-11-03 19:14:16 -0300
Processing by StaticPagesController#home as HTML
  Rendered static_pages/home.html.erb within layouts/application (3.3ms)
Completed 200 OK in 2252ms (Views: 2250.8ms | ActiveRecord: 0.0ms)


Started GET "/assets/custom.self-9035cfcd00b93b4f90ddddf85502f1c02079f8538879cd9f10489264ce1061f7.css?body=1" for 127.0.0.1 at 2018-11-03 19:14:18 -0300


Started GET "/" for 127.0.0.1 at 2018-11-03 19:17:43 -0300
Processing by StaticPagesController#home as HTML
  Rendered static_pages/home.html.erb within layouts/application (6.2ms)
Completed 200 OK in 54ms (Views: 53.2ms | ActiveRecord: 0.0ms)


Started GET "/" for 127.0.0.1 at 2018-11-03 19:18:57 -0300
Processing by StaticPagesController#home as HTML
  Rendered static_pages/home.html.erb within layouts/application (2.4ms)
Completed 200 OK in 2411ms (Views: 2410.5ms | ActiveRecord: 0.0ms)


Started GET "/assets/custom.self-9614fc0619699677895f2c9eae85425006610c1fb46e1d138c97ef83e9b09cb8.css?body=1" for 127.0.0.1 at 2018-11-03 19:18:59 -0300


Started GET "/" for 127.0.0.1 at 2018-11-03 19:25:22 -0300
Processing by StaticPagesController#home as HTML
  Rendered static_pages/home.html.erb within layouts/application (2.5ms)
  Rendered layouts/_shim.html.erb (0.6ms)
  Rendered layouts/_header.html.erb (0.9ms)
Completed 200 OK in 44ms (Views: 43.6ms | ActiveRecord: 0.0ms)


Started GET "/" for 127.0.0.1 at 2018-11-03 19:30:26 -0300
Processing by StaticPagesController#home as HTML
  Rendered static_pages/home.html.erb within layouts/application (2.1ms)
  Rendered layouts/_shim.html.erb (0.1ms)
  Rendered layouts/_header.html.erb (0.2ms)
  Rendered layouts/_footer.html.erb (0.6ms)
Completed 200 OK in 43ms (Views: 42.6ms | ActiveRecord: 0.0ms)


Started GET "/" for 127.0.0.1 at 2018-11-03 19:34:48 -0300
Processing by StaticPagesController#home as HTML
  Rendered static_pages/home.html.erb within layouts/application (1.5ms)
  Rendered layouts/_shim.html.erb (0.1ms)
  Rendered layouts/_header.html.erb (0.2ms)
  Rendered layouts/_footer.html.erb (0.1ms)
Completed 200 OK in 2340ms (Views: 2339.2ms | ActiveRecord: 0.0ms)


Started GET "/assets/custom.self-00a03060190b3f35a20a77a45cf88777ab2c9171afd992aa7216a0d25dcf8191.css?body=1" for 127.0.0.1 at 2018-11-03 19:34:50 -0300


Started GET "/" for 127.0.0.1 at 2018-11-03 19:35:39 -0300
Processing by StaticPagesController#home as HTML
  Rendered static_pages/home.html.erb within layouts/application (1.5ms)
  Rendered layouts/_shim.html.erb (0.1ms)
  Rendered layouts/_header.html.erb (0.2ms)
  Rendered layouts/_footer.html.erb (0.1ms)
Completed 200 OK in 2330ms (Views: 2329.5ms | ActiveRecord: 0.0ms)


Started GET "/assets/custom.self-d94575ad932ec33ad22e6a699e7c004dbdd64ac2c9494ccf8debf7362abdd751.css?body=1" for 127.0.0.1 at 2018-11-03 19:35:42 -0300


Started GET "/" for 127.0.0.1 at 2018-11-03 19:37:00 -0300
Processing by StaticPagesController#home as HTML
  Rendered static_pages/home.html.erb within layouts/application (3.2ms)
  Rendered layouts/_rails_default.html.erb (31.0ms)
  Rendered layouts/_shim.html.erb (0.1ms)
  Rendered layouts/_header.html.erb (0.2ms)
  Rendered layouts/_footer.html.erb (0.1ms)
Completed 200 OK in 45ms (Views: 43.7ms | ActiveRecord: 0.0ms)


Started GET "/" for 127.0.0.1 at 2018-11-03 20:41:58 -0300
Processing by StaticPagesController#home as HTML
  Rendered static_pages/home.html.erb within layouts/application (392.3ms)
  Rendered layouts/_rails_default.html.erb (43.7ms)
  Rendered layouts/_shim.html.erb (0.4ms)
  Rendered layouts/_header.html.erb (0.7ms)
Completed 200 OK in 467ms (Views: 455.7ms | ActiveRecord: 0.0ms)


Started GET "/assets/turbolinks.self-569ee74eaa15c1e2019317ff770b8769b1ec033a0f572a485f64c82ddc8f989e.js?body=1" for 127.0.0.1 at 2018-11-03 20:41:59 -0300


Started GET "/assets/jquery_ujs.self-784a997f6726036b1993eb2217c9cb558e1cbb801c6da88105588c56f13b466a.js?body=1" for 127.0.0.1 at 2018-11-03 20:41:59 -0300


Started GET "/assets/application.self-3b8dabdc891efe46b9a144b400ad69e37d7e5876bdc39dee783419a69d7ca819.js?body=1" for 127.0.0.1 at 2018-11-03 20:41:59 -0300


Started GET "/assets/jquery.self-bd7ddd393353a8d2480a622e80342adf488fb6006d667e8b42e4c0073393abee.js?body=1" for 127.0.0.1 at 2018-11-03 20:41:59 -0300


Started GET "/assets/static_pages.self-877aef30ae1b040ab8a3aba4e3e309a11d7f2612f44dde450b5c157aa5f95c05.js?body=1" for 127.0.0.1 at 2018-11-03 20:41:59 -0300


Started GET "/assets/rails-c094bc3a4bf50e5bb477109e5cb0d213af27ad75b481c4df249f50974dbeefe6.png" for 127.0.0.1 at 2018-11-03 20:41:59 -0300


Started GET "/" for 127.0.0.1 at 2018-11-03 20:42:27 -0300
Processing by StaticPagesController#home as HTML
  Rendered static_pages/home.html.erb within layouts/application (6.2ms)
  Rendered layouts/_rails_default.html.erb (50.9ms)
  Rendered layouts/_shim.html.erb (0.1ms)
  Rendered layouts/_header.html.erb (0.2ms)
  Rendered layouts/_footer.html.erb (0.6ms)
Completed 200 OK in 65ms (Views: 64.6ms | ActiveRecord: 0.0ms)


Started GET "/" for 127.0.0.1 at 2018-11-03 20:57:05 -0300
Processing by StaticPagesController#home as HTML
  Rendered static_pages/home.html.erb within layouts/application (3.5ms)
  Rendered layouts/_rails_default.html.erb (2442.8ms)
  Rendered layouts/_shim.html.erb (0.1ms)
  Rendered layouts/_header.html.erb (0.2ms)
  Rendered layouts/_footer.html.erb (0.1ms)
Completed 200 OK in 2454ms (Views: 2453.6ms | ActiveRecord: 0.0ms)


Started GET "/assets/custom.self-7d9e5fc87ca4c696fce5b9374a22779413d0e3cc8239edf15409dcec6c0b271a.css?body=1" for 127.0.0.1 at 2018-11-03 20:57:07 -0300


Started GET "/" for 127.0.0.1 at 2018-11-03 21:05:14 -0300
Processing by StaticPagesController#home as HTML
  Rendered static_pages/home.html.erb within layouts/application (2.6ms)
  Rendered layouts/_rails_default.html.erb (2452.0ms)
  Rendered layouts/_shim.html.erb (0.1ms)
  Rendered layouts/_header.html.erb (0.3ms)
  Rendered layouts/_footer.html.erb (0.1ms)
Completed 200 OK in 2461ms (Views: 2460.7ms | ActiveRecord: 0.0ms)


Started GET "/assets/custom.self-0937f31b9fc26687c165d08eb0d35865ef0d39e06c0242b0e08a98077d317c50.css?body=1" for 127.0.0.1 at 2018-11-03 21:05:16 -0300


Started GET "/" for 127.0.0.1 at 2018-11-03 21:14:52 -0300
Processing by StaticPagesController#home as HTML
  Rendered static_pages/home.html.erb within layouts/application (1.5ms)
  Rendered layouts/_rails_default.html.erb (2407.9ms)
  Rendered layouts/_shim.html.erb (0.1ms)
  Rendered layouts/_header.html.erb (0.8ms)
  Rendered layouts/_footer.html.erb (0.8ms)
Completed 200 OK in 2419ms (Views: 2418.2ms | ActiveRecord: 0.0ms)


Started GET "/assets/custom.self-6fed006d70cd269a28f9a02fb61a1544a04bba19670291dfbb4ee63e1d70db6a.css?body=1" for 127.0.0.1 at 2018-11-03 21:14:54 -0300


Started GET "/rails/info/routes" for 127.0.0.1 at 2018-11-03 21:14:56 -0300
Processing by Rails::InfoController#routes as HTML
  Rendered /home/bruna/.rvm/gems/ruby-2.3.7/gems/actionpack-4.2.5/lib/action_dispatch/middleware/templates/routes/_route.html.erb (1.9ms)
  Rendered /home/bruna/.rvm/gems/ruby-2.3.7/gems/actionpack-4.2.5/lib/action_dispatch/middleware/templates/routes/_table.html.erb (32.4ms)
  Rendered /home/bruna/.rvm/gems/ruby-2.3.7/gems/railties-4.2.5/lib/rails/templates/rails/info/routes.html.erb within layouts/application (58.7ms)
Completed 200 OK in 94ms (Views: 93.4ms | ActiveRecord: 0.0ms)


Started GET "/" for 127.0.0.1 at 2018-11-03 21:15:23 -0300
Processing by StaticPagesController#home as HTML
  Rendered static_pages/home.html.erb within layouts/application (1.9ms)
  Rendered layouts/_rails_default.html.erb (34.0ms)
  Rendered layouts/_shim.html.erb (0.1ms)
  Rendered layouts/_header.html.erb (0.2ms)
  Rendered layouts/_footer.html.erb (0.6ms)
Completed 200 OK in 43ms (Views: 42.2ms | ActiveRecord: 0.0ms)


Started GET "/static_pages_about_path" for 127.0.0.1 at 2018-11-03 21:15:25 -0300

ActionController::RoutingError (No route matches [GET] "/static_pages_about_path"):
  actionpack (4.2.5) lib/action_dispatch/middleware/debug_exceptions.rb:21:in `call'
  web-console (2.3.0) lib/web_console/middleware.rb:28:in `block in call'
  web-console (2.3.0) lib/web_console/middleware.rb:18:in `catch'
  web-console (2.3.0) lib/web_console/middleware.rb:18:in `call'
  actionpack (4.2.5) lib/action_dispatch/middleware/show_exceptions.rb:30:in `call'
  railties (4.2.5) lib/rails/rack/logger.rb:38:in `call_app'
  railties (4.2.5) lib/rails/rack/logger.rb:20:in `block in call'
  activesupport (4.2.5) lib/active_support/tagged_logging.rb:68:in `block in tagged'
  activesupport (4.2.5) lib/active_support/tagged_logging.rb:26:in `tagged'
  activesupport (4.2.5) lib/active_support/tagged_logging.rb:68:in `tagged'
  railties (4.2.5) lib/rails/rack/logger.rb:20:in `call'
  actionpack (4.2.5) lib/action_dispatch/middleware/request_id.rb:21:in `call'
  rack (1.6.10) lib/rack/methodoverride.rb:22:in `call'
  rack (1.6.10) lib/rack/runtime.rb:18:in `call'
  activesupport (4.2.5) lib/active_support/cache/strategy/local_cache_middleware.rb:28:in `call'
  rack (1.6.10) lib/rack/lock.rb:17:in `call'
  actionpack (4.2.5) lib/action_dispatch/middleware/static.rb:116:in `call'
  rack (1.6.10) lib/rack/sendfile.rb:113:in `call'
  railties (4.2.5) lib/rails/engine.rb:518:in `call'
  railties (4.2.5) lib/rails/application.rb:165:in `call'
  rack (1.6.10) lib/rack/lock.rb:17:in `call'
  rack (1.6.10) lib/rack/content_length.rb:15:in `call'
  rack (1.6.10) lib/rack/handler/webrick.rb:88:in `service'
  /usr/share/rvm/rubies/ruby-2.3.7/lib/ruby/2.3.0/webrick/httpserver.rb:140:in `service'
  /usr/share/rvm/rubies/ruby-2.3.7/lib/ruby/2.3.0/webrick/httpserver.rb:96:in `run'
  /usr/share/rvm/rubies/ruby-2.3.7/lib/ruby/2.3.0/webrick/server.rb:314:in `block in start_thread'


  Rendered /home/bruna/.rvm/gems/ruby-2.3.7/gems/actionpack-4.2.5/lib/action_dispatch/middleware/templates/rescues/_trace.html.erb (2.2ms)
  Rendered /home/bruna/.rvm/gems/ruby-2.3.7/gems/actionpack-4.2.5/lib/action_dispatch/middleware/templates/routes/_route.html.erb (1.2ms)
  Rendered /home/bruna/.rvm/gems/ruby-2.3.7/gems/actionpack-4.2.5/lib/action_dispatch/middleware/templates/routes/_table.html.erb (1.7ms)
  Rendered /home/bruna/.rvm/gems/ruby-2.3.7/gems/actionpack-4.2.5/lib/action_dispatch/middleware/templates/rescues/_request_and_response.html.erb (1.7ms)
  Rendered /home/bruna/.rvm/gems/ruby-2.3.7/gems/actionpack-4.2.5/lib/action_dispatch/middleware/templates/rescues/routing_error.html.erb within rescues/layout (33.7ms)
  Rendered /home/bruna/.rvm/gems/ruby-2.3.7/gems/web-console-2.3.0/lib/web_console/templates/_markup.html.erb (0.5ms)
  Rendered /home/bruna/.rvm/gems/ruby-2.3.7/gems/web-console-2.3.0/lib/web_console/templates/_inner_console_markup.html.erb within layouts/inlined_string (0.5ms)
  Rendered /home/bruna/.rvm/gems/ruby-2.3.7/gems/web-console-2.3.0/lib/web_console/templates/_prompt_box_markup.html.erb within layouts/inlined_string (0.4ms)
  Rendered /home/bruna/.rvm/gems/ruby-2.3.7/gems/web-console-2.3.0/lib/web_console/templates/style.css.erb within layouts/inlined_string (0.5ms)
  Rendered /home/bruna/.rvm/gems/ruby-2.3.7/gems/web-console-2.3.0/lib/web_console/templates/console.js.erb within layouts/javascript (29.7ms)
  Rendered /home/bruna/.rvm/gems/ruby-2.3.7/gems/web-console-2.3.0/lib/web_console/templates/main.js.erb within layouts/javascript (0.4ms)
  Rendered /home/bruna/.rvm/gems/ruby-2.3.7/gems/web-console-2.3.0/lib/web_console/templates/error_page.js.erb within layouts/javascript (0.6ms)
  Rendered /home/bruna/.rvm/gems/ruby-2.3.7/gems/web-console-2.3.0/lib/web_console/templates/index.html.erb (53.9ms)


Started GET "/" for 127.0.0.1 at 2018-11-03 21:17:18 -0300
Processing by StaticPagesController#home as HTML
  Rendered static_pages/home.html.erb within layouts/application (1.7ms)
  Rendered layouts/_rails_default.html.erb (28.3ms)
  Rendered layouts/_shim.html.erb (0.1ms)
  Rendered layouts/_header.html.erb (0.2ms)
  Rendered layouts/_footer.html.erb (50.9ms)
Completed 500 Internal Server Error in 87ms (ActiveRecord: 0.0ms)

ActionView::Template::Error (undefined local variable or method `about_path' for #<#<Class:0x00007f7310156870>:0x00007f72f0f61f70>):
     5:     </small>
     6:     <nav>
     7:         <ul>
     8:             <li><%= link_to "About", about_path %></li>
     9:             <li><%= link_to "Contact", "#" %></li>
    10:             <li><a href="http://news.railstutorial.org/">News</a></li>
    11:         </ul>
  app/views/layouts/_footer.html.erb:8:in `_app_views_layouts__footer_html_erb___3734785078676208560_70065833940080'
  app/views/layouts/application.html.erb:12:in `_app_views_layouts_application_html_erb__612825584969418023_70066098618860'


  Rendered /home/bruna/.rvm/gems/ruby-2.3.7/gems/actionpack-4.2.5/lib/action_dispatch/middleware/templates/rescues/_source.erb (12.7ms)
  Rendered /home/bruna/.rvm/gems/ruby-2.3.7/gems/actionpack-4.2.5/lib/action_dispatch/middleware/templates/rescues/_trace.html.erb (10.4ms)
  Rendered /home/bruna/.rvm/gems/ruby-2.3.7/gems/actionpack-4.2.5/lib/action_dispatch/middleware/templates/rescues/_request_and_response.html.erb (4.5ms)
  Rendered /home/bruna/.rvm/gems/ruby-2.3.7/gems/actionpack-4.2.5/lib/action_dispatch/middleware/templates/rescues/template_error.html.erb within rescues/layout (53.0ms)
  Rendered /home/bruna/.rvm/gems/ruby-2.3.7/gems/web-console-2.3.0/lib/web_console/templates/_markup.html.erb (1.1ms)
  Rendered /home/bruna/.rvm/gems/ruby-2.3.7/gems/web-console-2.3.0/lib/web_console/templates/_inner_console_markup.html.erb within layouts/inlined_string (0.5ms)
  Rendered /home/bruna/.rvm/gems/ruby-2.3.7/gems/web-console-2.3.0/lib/web_console/templates/_prompt_box_markup.html.erb within layouts/inlined_string (0.5ms)
  Rendered /home/bruna/.rvm/gems/ruby-2.3.7/gems/web-console-2.3.0/lib/web_console/templates/style.css.erb within layouts/inlined_string (0.5ms)
  Rendered /home/bruna/.rvm/gems/ruby-2.3.7/gems/web-console-2.3.0/lib/web_console/templates/console.js.erb within layouts/javascript (29.4ms)
  Rendered /home/bruna/.rvm/gems/ruby-2.3.7/gems/web-console-2.3.0/lib/web_console/templates/main.js.erb within layouts/javascript (0.4ms)
  Rendered /home/bruna/.rvm/gems/ruby-2.3.7/gems/web-console-2.3.0/lib/web_console/templates/error_page.js.erb within layouts/javascript (0.6ms)
  Rendered /home/bruna/.rvm/gems/ruby-2.3.7/gems/web-console-2.3.0/lib/web_console/templates/index.html.erb (55.8ms)


Started GET "/" for 127.0.0.1 at 2018-11-03 21:17:38 -0300
Processing by StaticPagesController#home as HTML
  Rendered static_pages/home.html.erb within layouts/application (1.6ms)
  Rendered layouts/_rails_default.html.erb (27.4ms)
  Rendered layouts/_shim.html.erb (0.1ms)
  Rendered layouts/_header.html.erb (0.1ms)
  Rendered layouts/_footer.html.erb (1.8ms)
Completed 200 OK in 37ms (Views: 36.4ms | ActiveRecord: 0.0ms)


Started GET "/static_pages/about" for 127.0.0.1 at 2018-11-03 21:17:40 -0300
Processing by StaticPagesController#about as HTML
  Rendered static_pages/about.html.erb within layouts/application (0.5ms)
  Rendered layouts/_rails_default.html.erb (28.4ms)
  Rendered layouts/_shim.html.erb (0.1ms)
  Rendered layouts/_header.html.erb (0.2ms)
  Rendered layouts/_footer.html.erb (0.3ms)
Completed 200 OK in 35ms (Views: 34.2ms | ActiveRecord: 0.0ms)


Started GET "/" for 127.0.0.1 at 2018-11-03 21:18:17 -0300
Processing by StaticPagesController#home as HTML
  Rendered static_pages/home.html.erb within layouts/application (2.8ms)
  Rendered layouts/_rails_default.html.erb (51.1ms)
  Rendered layouts/_shim.html.erb (0.1ms)
  Rendered layouts/_header.html.erb (0.2ms)
  Rendered layouts/_footer.html.erb (0.9ms)
Completed 200 OK in 64ms (Views: 63.3ms | ActiveRecord: 0.0ms)


Started GET "/static_pages/contact" for 127.0.0.1 at 2018-11-03 21:18:19 -0300
Processing by StaticPagesController#contact as HTML
  Rendered static_pages/contact.html.erb within layouts/application (0.6ms)
  Rendered layouts/_rails_default.html.erb (35.3ms)
  Rendered layouts/_shim.html.erb (0.1ms)
  Rendered layouts/_header.html.erb (0.2ms)
  Rendered layouts/_footer.html.erb (0.3ms)
Completed 200 OK in 44ms (Views: 42.9ms | ActiveRecord: 0.0ms)


Started GET "/" for 127.0.0.1 at 2018-11-03 21:19:46 -0300
Processing by StaticPagesController#home as HTML
  Rendered static_pages/home.html.erb within layouts/application (2.0ms)
  Rendered layouts/_rails_default.html.erb (31.7ms)
  Rendered layouts/_shim.html.erb (0.1ms)
  Rendered layouts/_header.html.erb (0.9ms)
  Rendered layouts/_footer.html.erb (0.2ms)
Completed 200 OK in 41ms (Views: 40.6ms | ActiveRecord: 0.0ms)


Started GET "/" for 127.0.0.1 at 2018-11-03 21:19:48 -0300
Processing by StaticPagesController#home as HTML
  Rendered static_pages/home.html.erb within layouts/application (1.5ms)
  Rendered layouts/_rails_default.html.erb (36.0ms)
  Rendered layouts/_shim.html.erb (0.1ms)
  Rendered layouts/_header.html.erb (0.4ms)
  Rendered layouts/_footer.html.erb (0.2ms)
Completed 200 OK in 44ms (Views: 43.1ms | ActiveRecord: 0.0ms)


Started GET "/" for 127.0.0.1 at 2018-11-03 21:19:49 -0300
Processing by StaticPagesController#home as HTML
  Rendered static_pages/home.html.erb within layouts/application (1.4ms)
  Rendered layouts/_rails_default.html.erb (36.4ms)
  Rendered layouts/_shim.html.erb (0.1ms)
  Rendered layouts/_header.html.erb (0.3ms)
  Rendered layouts/_footer.html.erb (0.2ms)
Completed 200 OK in 45ms (Views: 44.1ms | ActiveRecord: 0.0ms)


Started GET "/static_pages/help" for 127.0.0.1 at 2018-11-03 21:19:51 -0300
Processing by StaticPagesController#help as HTML
  Rendered static_pages/help.html.erb within layouts/application (0.5ms)
  Rendered layouts/_rails_default.html.erb (35.5ms)
  Rendered layouts/_shim.html.erb (0.1ms)
  Rendered layouts/_header.html.erb (0.4ms)
  Rendered layouts/_footer.html.erb (0.2ms)
Completed 200 OK in 42ms (Views: 42.0ms | ActiveRecord: 0.0ms)


Started GET "/" for 127.0.0.1 at 2018-11-03 21:19:53 -0300
Processing by StaticPagesController#home as HTML
  Rendered static_pages/home.html.erb within layouts/application (4.2ms)
  Rendered layouts/_rails_default.html.erb (42.9ms)
  Rendered layouts/_shim.html.erb (0.1ms)
  Rendered layouts/_header.html.erb (0.3ms)
  Rendered layouts/_footer.html.erb (0.2ms)
Completed 200 OK in 54ms (Views: 53.2ms | ActiveRecord: 0.0ms)


Started GET "/static_pages/help" for 127.0.0.1 at 2018-11-03 21:19:54 -0300
Processing by StaticPagesController#help as HTML
  Rendered static_pages/help.html.erb within layouts/application (0.1ms)
  Rendered layouts/_rails_default.html.erb (36.4ms)
  Rendered layouts/_shim.html.erb (0.1ms)
  Rendered layouts/_header.html.erb (0.6ms)
  Rendered layouts/_footer.html.erb (0.3ms)
Completed 200 OK in 46ms (Views: 44.7ms | ActiveRecord: 0.0ms)


Started GET "/" for 127.0.0.1 at 2018-11-03 21:20:00 -0300
Processing by StaticPagesController#home as HTML
  Rendered static_pages/home.html.erb within layouts/application (1.4ms)
  Rendered layouts/_rails_default.html.erb (42.2ms)
  Rendered layouts/_shim.html.erb (0.1ms)
  Rendered layouts/_header.html.erb (0.5ms)
  Rendered layouts/_footer.html.erb (0.3ms)
Completed 200 OK in 52ms (Views: 51.3ms | ActiveRecord: 0.0ms)


Started GET "/help" for 127.0.0.1 at 2018-11-03 21:53:27 -0300
Processing by StaticPagesController#help as HTML
  Rendered static_pages/help.html.erb within layouts/application (12.9ms)
  Rendered layouts/_rails_default.html.erb (1326.9ms)
  Rendered layouts/_shim.html.erb (0.8ms)
  Rendered layouts/_header.html.erb (125.7ms)
Completed 500 Internal Server Error in 1631ms (ActiveRecord: 0.0ms)

ActionView::Template::Error (undefined local variable or method `static_pages_help_path' for #<#<Class:0x00007fe91415bda0>:0x00007fe91414f938>
Did you mean?  static_pages_home_path
               static_pages_home_url
               static_pages_about_path):
    4:         <nav>
    5:             <ul class="nav navbar-nav navbar-right">
    6:                 <li><%= link_to "Home", root_path %></li>
    7:                 <li><%= link_to "Help", static_pages_help_path %></li>
    8:                 <li><%= link_to "Log in", '#' %></li>
    9:             </ul>
   10:         </nav>
  app/views/layouts/_header.html.erb:7:in `_app_views_layouts__header_html_erb___2062673990247554980_70319538998740'
  app/views/layouts/application.html.erb:9:in `_app_views_layouts_application_html_erb___521537936480695750_70319520366940'


  Rendered /home/bruna/.rvm/gems/ruby-2.3.7/gems/actionpack-4.2.5/lib/action_dispatch/middleware/templates/rescues/_source.erb (13.2ms)
  Rendered /home/bruna/.rvm/gems/ruby-2.3.7/gems/actionpack-4.2.5/lib/action_dispatch/middleware/templates/rescues/_trace.html.erb (6.3ms)
  Rendered /home/bruna/.rvm/gems/ruby-2.3.7/gems/actionpack-4.2.5/lib/action_dispatch/middleware/templates/rescues/_request_and_response.html.erb (1.6ms)
  Rendered /home/bruna/.rvm/gems/ruby-2.3.7/gems/actionpack-4.2.5/lib/action_dispatch/middleware/templates/rescues/template_error.html.erb within rescues/layout (55.0ms)
  Rendered /home/bruna/.rvm/gems/ruby-2.3.7/gems/web-console-2.3.0/lib/web_console/templates/_markup.html.erb (0.7ms)
  Rendered /home/bruna/.rvm/gems/ruby-2.3.7/gems/web-console-2.3.0/lib/web_console/templates/_inner_console_markup.html.erb within layouts/inlined_string (0.8ms)
  Rendered /home/bruna/.rvm/gems/ruby-2.3.7/gems/web-console-2.3.0/lib/web_console/templates/_prompt_box_markup.html.erb within layouts/inlined_string (0.5ms)
  Rendered /home/bruna/.rvm/gems/ruby-2.3.7/gems/web-console-2.3.0/lib/web_console/templates/style.css.erb within layouts/inlined_string (0.6ms)
  Rendered /home/bruna/.rvm/gems/ruby-2.3.7/gems/web-console-2.3.0/lib/web_console/templates/console.js.erb within layouts/javascript (87.8ms)
  Rendered /home/bruna/.rvm/gems/ruby-2.3.7/gems/web-console-2.3.0/lib/web_console/templates/main.js.erb within layouts/javascript (1.0ms)
  Rendered /home/bruna/.rvm/gems/ruby-2.3.7/gems/web-console-2.3.0/lib/web_console/templates/error_page.js.erb within layouts/javascript (1.4ms)
  Rendered /home/bruna/.rvm/gems/ruby-2.3.7/gems/web-console-2.3.0/lib/web_console/templates/index.html.erb (130.2ms)


Started GET "/static_pages/help" for 127.0.0.1 at 2018-11-03 21:53:34 -0300

ActionController::RoutingError (No route matches [GET] "/static_pages/help"):
  actionpack (4.2.5) lib/action_dispatch/middleware/debug_exceptions.rb:21:in `call'
  web-console (2.3.0) lib/web_console/middleware.rb:28:in `block in call'
  web-console (2.3.0) lib/web_console/middleware.rb:18:in `catch'
  web-console (2.3.0) lib/web_console/middleware.rb:18:in `call'
  actionpack (4.2.5) lib/action_dispatch/middleware/show_exceptions.rb:30:in `call'
  railties (4.2.5) lib/rails/rack/logger.rb:38:in `call_app'
  railties (4.2.5) lib/rails/rack/logger.rb:20:in `block in call'
  activesupport (4.2.5) lib/active_support/tagged_logging.rb:68:in `block in tagged'
  activesupport (4.2.5) lib/active_support/tagged_logging.rb:26:in `tagged'
  activesupport (4.2.5) lib/active_support/tagged_logging.rb:68:in `tagged'
  railties (4.2.5) lib/rails/rack/logger.rb:20:in `call'
  actionpack (4.2.5) lib/action_dispatch/middleware/request_id.rb:21:in `call'
  rack (1.6.10) lib/rack/methodoverride.rb:22:in `call'
  rack (1.6.10) lib/rack/runtime.rb:18:in `call'
  activesupport (4.2.5) lib/active_support/cache/strategy/local_cache_middleware.rb:28:in `call'
  rack (1.6.10) lib/rack/lock.rb:17:in `call'
  actionpack (4.2.5) lib/action_dispatch/middleware/static.rb:116:in `call'
  rack (1.6.10) lib/rack/sendfile.rb:113:in `call'
  railties (4.2.5) lib/rails/engine.rb:518:in `call'
  railties (4.2.5) lib/rails/application.rb:165:in `call'
  rack (1.6.10) lib/rack/lock.rb:17:in `call'
  rack (1.6.10) lib/rack/content_length.rb:15:in `call'
  rack (1.6.10) lib/rack/handler/webrick.rb:88:in `service'
  /usr/share/rvm/rubies/ruby-2.3.7/lib/ruby/2.3.0/webrick/httpserver.rb:140:in `service'
  /usr/share/rvm/rubies/ruby-2.3.7/lib/ruby/2.3.0/webrick/httpserver.rb:96:in `run'
  /usr/share/rvm/rubies/ruby-2.3.7/lib/ruby/2.3.0/webrick/server.rb:314:in `block in start_thread'


  Rendered /home/bruna/.rvm/gems/ruby-2.3.7/gems/actionpack-4.2.5/lib/action_dispatch/middleware/templates/rescues/_trace.html.erb (5.4ms)
  Rendered /home/bruna/.rvm/gems/ruby-2.3.7/gems/actionpack-4.2.5/lib/action_dispatch/middleware/templates/routes/_route.html.erb (1.9ms)
  Rendered /home/bruna/.rvm/gems/ruby-2.3.7/gems/actionpack-4.2.5/lib/action_dispatch/middleware/templates/routes/_table.html.erb (18.0ms)
  Rendered /home/bruna/.rvm/gems/ruby-2.3.7/gems/actionpack-4.2.5/lib/action_dispatch/middleware/templates/rescues/_request_and_response.html.erb (2.7ms)
  Rendered /home/bruna/.rvm/gems/ruby-2.3.7/gems/actionpack-4.2.5/lib/action_dispatch/middleware/templates/rescues/routing_error.html.erb within rescues/layout (59.5ms)
  Rendered /home/bruna/.rvm/gems/ruby-2.3.7/gems/web-console-2.3.0/lib/web_console/templates/_markup.html.erb (1.3ms)
  Rendered /home/bruna/.rvm/gems/ruby-2.3.7/gems/web-console-2.3.0/lib/web_console/templates/_inner_console_markup.html.erb within layouts/inlined_string (0.4ms)
  Rendered /home/bruna/.rvm/gems/ruby-2.3.7/gems/web-console-2.3.0/lib/web_console/templates/_prompt_box_markup.html.erb within layouts/inlined_string (0.4ms)
  Rendered /home/bruna/.rvm/gems/ruby-2.3.7/gems/web-console-2.3.0/lib/web_console/templates/style.css.erb within layouts/inlined_string (0.5ms)
  Rendered /home/bruna/.rvm/gems/ruby-2.3.7/gems/web-console-2.3.0/lib/web_console/templates/console.js.erb within layouts/javascript (26.3ms)
  Rendered /home/bruna/.rvm/gems/ruby-2.3.7/gems/web-console-2.3.0/lib/web_console/templates/main.js.erb within layouts/javascript (0.4ms)
  Rendered /home/bruna/.rvm/gems/ruby-2.3.7/gems/web-console-2.3.0/lib/web_console/templates/error_page.js.erb within layouts/javascript (0.6ms)
  Rendered /home/bruna/.rvm/gems/ruby-2.3.7/gems/web-console-2.3.0/lib/web_console/templates/index.html.erb (52.9ms)


Started GET "/" for 127.0.0.1 at 2018-11-03 21:58:33 -0300
Processing by StaticPagesController#home as HTML
  Rendered static_pages/home.html.erb within layouts/application (346.2ms)
  Rendered layouts/_rails_default.html.erb (51.5ms)
  Rendered layouts/_shim.html.erb (0.4ms)
  Rendered layouts/_header.html.erb (113.6ms)
Completed 500 Internal Server Error in 541ms (ActiveRecord: 0.0ms)

ActionView::Template::Error (undefined local variable or method `static_pages_help_path' for #<#<Class:0x00007fb3481a8b20>:0x00007fb3481a49a8>):
    4:         <nav>
    5:             <ul class="nav navbar-nav navbar-right">
    6:                 <li><%= link_to "Home", root_path %></li>
    7:                 <li><%= link_to "Help", static_pages_help_path %></li>
    8:                 <li><%= link_to "Log in", '#' %></li>
    9:             </ul>
   10:         </nav>
  app/views/layouts/_header.html.erb:7:in `_app_views_layouts__header_html_erb__2631660524107855297_70204010516140'
  app/views/layouts/application.html.erb:9:in `_app_views_layouts_application_html_erb___856488274389694210_70203992623440'


  Rendered /home/bruna/.rvm/gems/ruby-2.3.7/gems/actionpack-4.2.5/lib/action_dispatch/middleware/templates/rescues/_source.erb (9.9ms)
  Rendered /home/bruna/.rvm/gems/ruby-2.3.7/gems/actionpack-4.2.5/lib/action_dispatch/middleware/templates/rescues/_trace.html.erb (4.1ms)
  Rendered /home/bruna/.rvm/gems/ruby-2.3.7/gems/actionpack-4.2.5/lib/action_dispatch/middleware/templates/rescues/_request_and_response.html.erb (1.4ms)
  Rendered /home/bruna/.rvm/gems/ruby-2.3.7/gems/actionpack-4.2.5/lib/action_dispatch/middleware/templates/rescues/template_error.html.erb within rescues/layout (35.9ms)
  Rendered /home/bruna/.rvm/gems/ruby-2.3.7/gems/web-console-2.3.0/lib/web_console/templates/_markup.html.erb (0.5ms)
  Rendered /home/bruna/.rvm/gems/ruby-2.3.7/gems/web-console-2.3.0/lib/web_console/templates/_inner_console_markup.html.erb within layouts/inlined_string (0.5ms)
  Rendered /home/bruna/.rvm/gems/ruby-2.3.7/gems/web-console-2.3.0/lib/web_console/templates/_prompt_box_markup.html.erb within layouts/inlined_string (0.4ms)
  Rendered /home/bruna/.rvm/gems/ruby-2.3.7/gems/web-console-2.3.0/lib/web_console/templates/style.css.erb within layouts/inlined_string (0.4ms)
  Rendered /home/bruna/.rvm/gems/ruby-2.3.7/gems/web-console-2.3.0/lib/web_console/templates/console.js.erb within layouts/javascript (28.4ms)
  Rendered /home/bruna/.rvm/gems/ruby-2.3.7/gems/web-console-2.3.0/lib/web_console/templates/main.js.erb within layouts/javascript (0.4ms)
  Rendered /home/bruna/.rvm/gems/ruby-2.3.7/gems/web-console-2.3.0/lib/web_console/templates/error_page.js.erb within layouts/javascript (0.5ms)
  Rendered /home/bruna/.rvm/gems/ruby-2.3.7/gems/web-console-2.3.0/lib/web_console/templates/index.html.erb (52.5ms)


Started GET "/" for 127.0.0.1 at 2018-11-03 22:01:55 -0300
Processing by StaticPagesController#home as HTML
  Rendered static_pages/home.html.erb within layouts/application (299.2ms)
  Rendered layouts/_rails_default.html.erb (43.0ms)
  Rendered layouts/_shim.html.erb (0.5ms)
  Rendered layouts/_header.html.erb (0.9ms)
  Rendered layouts/_footer.html.erb (1.6ms)
Completed 200 OK in 392ms (Views: 380.9ms | ActiveRecord: 0.0ms)


Started GET "/" for 127.0.0.1 at 2018-11-03 22:02:01 -0300
Processing by StaticPagesController#home as HTML
  Rendered static_pages/home.html.erb within layouts/application (1.7ms)
  Rendered layouts/_rails_default.html.erb (75.0ms)
  Rendered layouts/_shim.html.erb (0.1ms)
  Rendered layouts/_header.html.erb (0.4ms)
  Rendered layouts/_footer.html.erb (0.2ms)
Completed 200 OK in 86ms (Views: 85.2ms | ActiveRecord: 0.0ms)


Started GET "/" for 127.0.0.1 at 2018-11-03 22:02:03 -0300
Processing by StaticPagesController#home as HTML
  Rendered static_pages/home.html.erb within layouts/application (1.5ms)
  Rendered layouts/_rails_default.html.erb (45.3ms)
  Rendered layouts/_shim.html.erb (0.1ms)
  Rendered layouts/_header.html.erb (0.9ms)
  Rendered layouts/_footer.html.erb (0.2ms)
Completed 200 OK in 55ms (Views: 54.9ms | ActiveRecord: 0.0ms)


Started GET "/static_pages/help" for 127.0.0.1 at 2018-11-03 22:02:04 -0300
Processing by StaticPagesController#help as HTML
  Rendered static_pages/help.html.erb within layouts/application (0.6ms)
  Rendered layouts/_rails_default.html.erb (41.1ms)
  Rendered layouts/_shim.html.erb (0.1ms)
  Rendered layouts/_header.html.erb (0.4ms)
  Rendered layouts/_footer.html.erb (0.9ms)
Completed 200 OK in 49ms (Views: 48.8ms | ActiveRecord: 0.0ms)


Started GET "/" for 127.0.0.1 at 2018-11-03 22:02:06 -0300
Processing by StaticPagesController#home as HTML
  Rendered static_pages/home.html.erb within layouts/application (2.9ms)
  Rendered layouts/_rails_default.html.erb (77.1ms)
  Rendered layouts/_shim.html.erb (0.1ms)
  Rendered layouts/_header.html.erb (0.3ms)
  Rendered layouts/_footer.html.erb (0.2ms)
Completed 200 OK in 90ms (Views: 87.3ms | ActiveRecord: 0.0ms)


Started GET "/static_pages/about" for 127.0.0.1 at 2018-11-03 22:02:08 -0300
Processing by StaticPagesController#about as HTML
  Rendered static_pages/about.html.erb within layouts/application (0.6ms)
  Rendered layouts/_rails_default.html.erb (56.0ms)
  Rendered layouts/_shim.html.erb (0.1ms)
  Rendered layouts/_header.html.erb (1.1ms)
  Rendered layouts/_footer.html.erb (0.2ms)
Completed 200 OK in 88ms (Views: 79.2ms | ActiveRecord: 0.0ms)


Started GET "/static_pages/contact" for 127.0.0.1 at 2018-11-03 22:02:11 -0300
Processing by StaticPagesController#contact as HTML
  Rendered static_pages/contact.html.erb within layouts/application (0.6ms)
  Rendered layouts/_rails_default.html.erb (31.1ms)
  Rendered layouts/_shim.html.erb (0.1ms)
  Rendered layouts/_header.html.erb (1.0ms)
  Rendered layouts/_footer.html.erb (0.2ms)
Completed 200 OK in 41ms (Views: 40.1ms | ActiveRecord: 0.0ms)


Started GET "/static_pages/about" for 127.0.0.1 at 2018-11-03 22:02:12 -0300
Processing by StaticPagesController#about as HTML
  Rendered static_pages/about.html.erb within layouts/application (0.1ms)
  Rendered layouts/_rails_default.html.erb (41.5ms)
  Rendered layouts/_shim.html.erb (0.1ms)
  Rendered layouts/_header.html.erb (0.4ms)
  Rendered layouts/_footer.html.erb (0.2ms)
Completed 200 OK in 52ms (Views: 51.3ms | ActiveRecord: 0.0ms)


Started GET "/static_pages/contact" for 127.0.0.1 at 2018-11-03 22:02:54 -0300
Processing by StaticPagesController#contact as HTML
  Rendered static_pages/contact.html.erb within layouts/application (0.1ms)
  Rendered layouts/_rails_default.html.erb (31.1ms)
  Rendered layouts/_shim.html.erb (0.1ms)
  Rendered layouts/_header.html.erb (0.3ms)
  Rendered layouts/_footer.html.erb (0.2ms)
Completed 200 OK in 38ms (Views: 37.1ms | ActiveRecord: 0.0ms)


Started GET "/static_pages/contact" for 127.0.0.1 at 2018-11-03 22:02:57 -0300
Processing by StaticPagesController#contact as HTML
  Rendered static_pages/contact.html.erb within layouts/application (0.1ms)
  Rendered layouts/_rails_default.html.erb (32.2ms)
  Rendered layouts/_shim.html.erb (0.1ms)
  Rendered layouts/_header.html.erb (0.3ms)
  Rendered layouts/_footer.html.erb (0.2ms)
Completed 200 OK in 38ms (Views: 37.6ms | ActiveRecord: 0.0ms)


Started GET "/" for 127.0.0.1 at 2018-11-03 22:02:59 -0300
Processing by StaticPagesController#home as HTML
  Rendered static_pages/home.html.erb within layouts/application (2.9ms)
  Rendered layouts/_rails_default.html.erb (29.6ms)
  Rendered layouts/_shim.html.erb (0.1ms)
  Rendered layouts/_header.html.erb (0.3ms)
  Rendered layouts/_footer.html.erb (0.2ms)
Completed 200 OK in 38ms (Views: 37.8ms | ActiveRecord: 0.0ms)


Started GET "/" for 127.0.0.1 at 2018-11-03 22:03:01 -0300
Processing by StaticPagesController#home as HTML
  Rendered static_pages/home.html.erb within layouts/application (2.1ms)
  Rendered layouts/_rails_default.html.erb (30.7ms)
  Rendered layouts/_shim.html.erb (0.1ms)
  Rendered layouts/_header.html.erb (0.3ms)
  Rendered layouts/_footer.html.erb (0.2ms)
Completed 200 OK in 40ms (Views: 39.5ms | ActiveRecord: 0.0ms)


Started GET "/" for 127.0.0.1 at 2018-11-03 22:03:33 -0300
Processing by StaticPagesController#home as HTML
  Rendered static_pages/home.html.erb within layouts/application (1.3ms)
  Rendered layouts/_rails_default.html.erb (33.3ms)
  Rendered layouts/_shim.html.erb (0.1ms)
  Rendered layouts/_header.html.erb (0.9ms)
  Rendered layouts/_footer.html.erb (0.2ms)
Completed 200 OK in 42ms (Views: 41.6ms | ActiveRecord: 0.0ms)


Started GET "/static_pages/help" for 127.0.0.1 at 2018-11-03 22:03:34 -0300
Processing by StaticPagesController#help as HTML
  Rendered static_pages/help.html.erb within layouts/application (0.1ms)
  Rendered layouts/_rails_default.html.erb (36.0ms)
  Rendered layouts/_shim.html.erb (0.1ms)
  Rendered layouts/_header.html.erb (0.3ms)
  Rendered layouts/_footer.html.erb (0.2ms)
Completed 200 OK in 44ms (Views: 43.1ms | ActiveRecord: 0.0ms)


Started GET "/static_pages/root_path" for 127.0.0.1 at 2018-11-03 22:03:35 -0300

ActionController::RoutingError (No route matches [GET] "/static_pages/root_path"):
  actionpack (4.2.5) lib/action_dispatch/middleware/debug_exceptions.rb:21:in `call'
  web-console (2.3.0) lib/web_console/middleware.rb:28:in `block in call'
  web-console (2.3.0) lib/web_console/middleware.rb:18:in `catch'
  web-console (2.3.0) lib/web_console/middleware.rb:18:in `call'
  actionpack (4.2.5) lib/action_dispatch/middleware/show_exceptions.rb:30:in `call'
  railties (4.2.5) lib/rails/rack/logger.rb:38:in `call_app'
  railties (4.2.5) lib/rails/rack/logger.rb:20:in `block in call'
  activesupport (4.2.5) lib/active_support/tagged_logging.rb:68:in `block in tagged'
  activesupport (4.2.5) lib/active_support/tagged_logging.rb:26:in `tagged'
  activesupport (4.2.5) lib/active_support/tagged_logging.rb:68:in `tagged'
  railties (4.2.5) lib/rails/rack/logger.rb:20:in `call'
  actionpack (4.2.5) lib/action_dispatch/middleware/request_id.rb:21:in `call'
  rack (1.6.10) lib/rack/methodoverride.rb:22:in `call'
  rack (1.6.10) lib/rack/runtime.rb:18:in `call'
  activesupport (4.2.5) lib/active_support/cache/strategy/local_cache_middleware.rb:28:in `call'
  rack (1.6.10) lib/rack/lock.rb:17:in `call'
  actionpack (4.2.5) lib/action_dispatch/middleware/static.rb:116:in `call'
  rack (1.6.10) lib/rack/sendfile.rb:113:in `call'
  railties (4.2.5) lib/rails/engine.rb:518:in `call'
  railties (4.2.5) lib/rails/application.rb:165:in `call'
  rack (1.6.10) lib/rack/lock.rb:17:in `call'
  rack (1.6.10) lib/rack/content_length.rb:15:in `call'
  rack (1.6.10) lib/rack/handler/webrick.rb:88:in `service'
  /usr/share/rvm/rubies/ruby-2.3.7/lib/ruby/2.3.0/webrick/httpserver.rb:140:in `service'
  /usr/share/rvm/rubies/ruby-2.3.7/lib/ruby/2.3.0/webrick/httpserver.rb:96:in `run'
  /usr/share/rvm/rubies/ruby-2.3.7/lib/ruby/2.3.0/webrick/server.rb:314:in `block in start_thread'


  Rendered /home/bruna/.rvm/gems/ruby-2.3.7/gems/actionpack-4.2.5/lib/action_dispatch/middleware/templates/rescues/_trace.html.erb (2.4ms)
  Rendered /home/bruna/.rvm/gems/ruby-2.3.7/gems/actionpack-4.2.5/lib/action_dispatch/middleware/templates/routes/_route.html.erb (1.2ms)
  Rendered /home/bruna/.rvm/gems/ruby-2.3.7/gems/actionpack-4.2.5/lib/action_dispatch/middleware/templates/routes/_table.html.erb (10.4ms)
  Rendered /home/bruna/.rvm/gems/ruby-2.3.7/gems/actionpack-4.2.5/lib/action_dispatch/middleware/templates/rescues/_request_and_response.html.erb (4.2ms)
  Rendered /home/bruna/.rvm/gems/ruby-2.3.7/gems/actionpack-4.2.5/lib/action_dispatch/middleware/templates/rescues/routing_error.html.erb within rescues/layout (55.4ms)
  Rendered /home/bruna/.rvm/gems/ruby-2.3.7/gems/web-console-2.3.0/lib/web_console/templates/_markup.html.erb (0.8ms)
  Rendered /home/bruna/.rvm/gems/ruby-2.3.7/gems/web-console-2.3.0/lib/web_console/templates/_inner_console_markup.html.erb within layouts/inlined_string (0.6ms)
  Rendered /home/bruna/.rvm/gems/ruby-2.3.7/gems/web-console-2.3.0/lib/web_console/templates/_prompt_box_markup.html.erb within layouts/inlined_string (0.6ms)
  Rendered /home/bruna/.rvm/gems/ruby-2.3.7/gems/web-console-2.3.0/lib/web_console/templates/style.css.erb within layouts/inlined_string (0.6ms)
  Rendered /home/bruna/.rvm/gems/ruby-2.3.7/gems/web-console-2.3.0/lib/web_console/templates/console.js.erb within layouts/javascript (32.5ms)
  Rendered /home/bruna/.rvm/gems/ruby-2.3.7/gems/web-console-2.3.0/lib/web_console/templates/main.js.erb within layouts/javascript (0.4ms)
  Rendered /home/bruna/.rvm/gems/ruby-2.3.7/gems/web-console-2.3.0/lib/web_console/templates/error_page.js.erb within layouts/javascript (0.7ms)
  Rendered /home/bruna/.rvm/gems/ruby-2.3.7/gems/web-console-2.3.0/lib/web_console/templates/index.html.erb (57.6ms)


Started GET "/" for 127.0.0.1 at 2018-11-03 22:03:40 -0300
Processing by StaticPagesController#home as HTML
  Rendered static_pages/home.html.erb within layouts/application (3.8ms)
  Rendered layouts/_rails_default.html.erb (45.0ms)
  Rendered layouts/_shim.html.erb (0.1ms)
  Rendered layouts/_header.html.erb (0.3ms)
  Rendered layouts/_footer.html.erb (0.2ms)
Completed 200 OK in 56ms (Views: 54.8ms | ActiveRecord: 0.0ms)


Started GET "/root_path" for 127.0.0.1 at 2018-11-03 22:03:54 -0300

ActionController::RoutingError (No route matches [GET] "/root_path"):
  actionpack (4.2.5) lib/action_dispatch/middleware/debug_exceptions.rb:21:in `call'
  web-console (2.3.0) lib/web_console/middleware.rb:28:in `block in call'
  web-console (2.3.0) lib/web_console/middleware.rb:18:in `catch'
  web-console (2.3.0) lib/web_console/middleware.rb:18:in `call'
  actionpack (4.2.5) lib/action_dispatch/middleware/show_exceptions.rb:30:in `call'
  railties (4.2.5) lib/rails/rack/logger.rb:38:in `call_app'
  railties (4.2.5) lib/rails/rack/logger.rb:20:in `block in call'
  activesupport (4.2.5) lib/active_support/tagged_logging.rb:68:in `block in tagged'
  activesupport (4.2.5) lib/active_support/tagged_logging.rb:26:in `tagged'
  activesupport (4.2.5) lib/active_support/tagged_logging.rb:68:in `tagged'
  railties (4.2.5) lib/rails/rack/logger.rb:20:in `call'
  actionpack (4.2.5) lib/action_dispatch/middleware/request_id.rb:21:in `call'
  rack (1.6.10) lib/rack/methodoverride.rb:22:in `call'
  rack (1.6.10) lib/rack/runtime.rb:18:in `call'
  activesupport (4.2.5) lib/active_support/cache/strategy/local_cache_middleware.rb:28:in `call'
  rack (1.6.10) lib/rack/lock.rb:17:in `call'
  actionpack (4.2.5) lib/action_dispatch/middleware/static.rb:116:in `call'
  rack (1.6.10) lib/rack/sendfile.rb:113:in `call'
  railties (4.2.5) lib/rails/engine.rb:518:in `call'
  railties (4.2.5) lib/rails/application.rb:165:in `call'
  rack (1.6.10) lib/rack/lock.rb:17:in `call'
  rack (1.6.10) lib/rack/content_length.rb:15:in `call'
  rack (1.6.10) lib/rack/handler/webrick.rb:88:in `service'
  /usr/share/rvm/rubies/ruby-2.3.7/lib/ruby/2.3.0/webrick/httpserver.rb:140:in `service'
  /usr/share/rvm/rubies/ruby-2.3.7/lib/ruby/2.3.0/webrick/httpserver.rb:96:in `run'
  /usr/share/rvm/rubies/ruby-2.3.7/lib/ruby/2.3.0/webrick/server.rb:314:in `block in start_thread'


  Rendered /home/bruna/.rvm/gems/ruby-2.3.7/gems/actionpack-4.2.5/lib/action_dispatch/middleware/templates/rescues/_trace.html.erb (5.7ms)
  Rendered /home/bruna/.rvm/gems/ruby-2.3.7/gems/actionpack-4.2.5/lib/action_dispatch/middleware/templates/routes/_route.html.erb (1.3ms)
  Rendered /home/bruna/.rvm/gems/ruby-2.3.7/gems/actionpack-4.2.5/lib/action_dispatch/middleware/templates/routes/_table.html.erb (1.8ms)
  Rendered /home/bruna/.rvm/gems/ruby-2.3.7/gems/actionpack-4.2.5/lib/action_dispatch/middleware/templates/rescues/_request_and_response.html.erb (2.9ms)
  Rendered /home/bruna/.rvm/gems/ruby-2.3.7/gems/actionpack-4.2.5/lib/action_dispatch/middleware/templates/rescues/routing_error.html.erb within rescues/layout (44.9ms)
  Rendered /home/bruna/.rvm/gems/ruby-2.3.7/gems/web-console-2.3.0/lib/web_console/templates/_markup.html.erb (0.7ms)
  Rendered /home/bruna/.rvm/gems/ruby-2.3.7/gems/web-console-2.3.0/lib/web_console/templates/_inner_console_markup.html.erb within layouts/inlined_string (0.5ms)
  Rendered /home/bruna/.rvm/gems/ruby-2.3.7/gems/web-console-2.3.0/lib/web_console/templates/_prompt_box_markup.html.erb within layouts/inlined_string (0.5ms)
  Rendered /home/bruna/.rvm/gems/ruby-2.3.7/gems/web-console-2.3.0/lib/web_console/templates/style.css.erb within layouts/inlined_string (0.6ms)
  Rendered /home/bruna/.rvm/gems/ruby-2.3.7/gems/web-console-2.3.0/lib/web_console/templates/console.js.erb within layouts/javascript (33.4ms)
  Rendered /home/bruna/.rvm/gems/ruby-2.3.7/gems/web-console-2.3.0/lib/web_console/templates/main.js.erb within layouts/javascript (0.6ms)
  Rendered /home/bruna/.rvm/gems/ruby-2.3.7/gems/web-console-2.3.0/lib/web_console/templates/error_page.js.erb within layouts/javascript (0.6ms)
  Rendered /home/bruna/.rvm/gems/ruby-2.3.7/gems/web-console-2.3.0/lib/web_console/templates/index.html.erb (62.5ms)


Started GET "/" for 127.0.0.1 at 2018-11-03 22:03:55 -0300
Processing by StaticPagesController#home as HTML
  Rendered static_pages/home.html.erb within layouts/application (2.1ms)
  Rendered layouts/_rails_default.html.erb (53.2ms)
  Rendered layouts/_shim.html.erb (0.1ms)
  Rendered layouts/_header.html.erb (1.0ms)
  Rendered layouts/_footer.html.erb (0.2ms)
Completed 200 OK in 70ms (Views: 69.4ms | ActiveRecord: 0.0ms)


Started GET "/static_pages/help" for 127.0.0.1 at 2018-11-03 22:04:25 -0300
Processing by StaticPagesController#help as HTML
  Rendered static_pages/help.html.erb within layouts/application (0.1ms)
  Rendered layouts/_rails_default.html.erb (37.8ms)
  Rendered layouts/_shim.html.erb (0.1ms)
  Rendered layouts/_header.html.erb (0.4ms)
  Rendered layouts/_footer.html.erb (0.2ms)
Completed 200 OK in 47ms (Views: 45.9ms | ActiveRecord: 0.0ms)


Started GET "/" for 127.0.0.1 at 2018-11-03 22:04:26 -0300
Processing by StaticPagesController#home as HTML
  Rendered static_pages/home.html.erb within layouts/application (1.5ms)
  Rendered layouts/_rails_default.html.erb (47.1ms)
  Rendered layouts/_shim.html.erb (0.1ms)
  Rendered layouts/_header.html.erb (0.3ms)
  Rendered layouts/_footer.html.erb (0.2ms)
Completed 200 OK in 55ms (Views: 54.3ms | ActiveRecord: 0.0ms)


Started GET "/" for 127.0.0.1 at 2018-11-03 22:04:27 -0300
Processing by StaticPagesController#home as HTML
  Rendered static_pages/home.html.erb within layouts/application (1.8ms)
  Rendered layouts/_rails_default.html.erb (35.6ms)
  Rendered layouts/_shim.html.erb (0.1ms)
  Rendered layouts/_header.html.erb (0.4ms)
  Rendered layouts/_footer.html.erb (0.2ms)
Completed 200 OK in 49ms (Views: 48.3ms | ActiveRecord: 0.0ms)


Started GET "/" for 127.0.0.1 at 2018-11-03 22:04:29 -0300
Processing by StaticPagesController#home as HTML
  Rendered static_pages/home.html.erb within layouts/application (5.5ms)
  Rendered layouts/_rails_default.html.erb (25.0ms)
  Rendered layouts/_shim.html.erb (0.1ms)
  Rendered layouts/_header.html.erb (0.3ms)
  Rendered layouts/_footer.html.erb (0.2ms)
Completed 200 OK in 36ms (Views: 35.6ms | ActiveRecord: 0.0ms)


Started GET "/" for 127.0.0.1 at 2018-11-03 22:04:30 -0300
Processing by StaticPagesController#home as HTML
  Rendered static_pages/home.html.erb within layouts/application (1.2ms)
  Rendered layouts/_rails_default.html.erb (58.6ms)
  Rendered layouts/_shim.html.erb (0.1ms)
  Rendered layouts/_header.html.erb (0.3ms)
  Rendered layouts/_footer.html.erb (0.2ms)
Completed 200 OK in 68ms (Views: 68.0ms | ActiveRecord: 0.0ms)


Started GET "/static_pages/help" for 127.0.0.1 at 2018-11-03 22:04:31 -0300
Processing by StaticPagesController#help as HTML
  Rendered static_pages/help.html.erb within layouts/application (0.1ms)
  Rendered layouts/_rails_default.html.erb (34.6ms)
  Rendered layouts/_shim.html.erb (0.1ms)
  Rendered layouts/_header.html.erb (0.3ms)
  Rendered layouts/_footer.html.erb (0.2ms)
Completed 200 OK in 44ms (Views: 42.1ms | ActiveRecord: 0.0ms)


Started GET "/" for 127.0.0.1 at 2018-11-03 22:04:32 -0300
Processing by StaticPagesController#home as HTML
  Rendered static_pages/home.html.erb within layouts/application (7.9ms)
  Rendered layouts/_rails_default.html.erb (50.9ms)
  Rendered layouts/_shim.html.erb (0.1ms)
  Rendered layouts/_header.html.erb (0.6ms)
  Rendered layouts/_footer.html.erb (0.2ms)
Completed 200 OK in 69ms (Views: 68.3ms | ActiveRecord: 0.0ms)


Started GET "/static_pages/help" for 127.0.0.1 at 2018-11-03 22:04:34 -0300
Processing by StaticPagesController#help as HTML
  Rendered static_pages/help.html.erb within layouts/application (0.1ms)
  Rendered layouts/_rails_default.html.erb (39.6ms)
  Rendered layouts/_shim.html.erb (0.1ms)
  Rendered layouts/_header.html.erb (0.3ms)
  Rendered layouts/_footer.html.erb (0.2ms)
Completed 200 OK in 46ms (Views: 45.8ms | ActiveRecord: 0.0ms)


Started GET "/" for 127.0.0.1 at 2018-11-03 22:04:34 -0300
Processing by StaticPagesController#home as HTML
  Rendered static_pages/home.html.erb within layouts/application (4.6ms)
  Rendered layouts/_rails_default.html.erb (39.6ms)
  Rendered layouts/_shim.html.erb (0.1ms)
  Rendered layouts/_header.html.erb (0.4ms)
  Rendered layouts/_footer.html.erb (0.2ms)
Completed 200 OK in 52ms (Views: 50.8ms | ActiveRecord: 0.0ms)


Started GET "/static_pages/about" for 127.0.0.1 at 2018-11-03 22:04:39 -0300
Processing by StaticPagesController#about as HTML
  Rendered static_pages/about.html.erb within layouts/application (0.1ms)
  Rendered layouts/_rails_default.html.erb (40.1ms)
  Rendered layouts/_shim.html.erb (0.1ms)
  Rendered layouts/_header.html.erb (0.4ms)
  Rendered layouts/_footer.html.erb (0.2ms)
Completed 200 OK in 47ms (Views: 46.0ms | ActiveRecord: 0.0ms)


Started GET "/" for 127.0.0.1 at 2018-11-03 22:04:39 -0300
Processing by StaticPagesController#home as HTML
  Rendered static_pages/home.html.erb within layouts/application (1.5ms)
  Rendered layouts/_rails_default.html.erb (36.0ms)
  Rendered layouts/_shim.html.erb (0.1ms)
  Rendered layouts/_header.html.erb (0.4ms)
  Rendered layouts/_footer.html.erb (0.2ms)
Completed 200 OK in 48ms (Views: 46.9ms | ActiveRecord: 0.0ms)


Started GET "/rails/info/routes" for 127.0.0.1 at 2018-11-03 22:10:54 -0300
Processing by Rails::InfoController#routes as HTML
  Rendered /home/bruna/.rvm/gems/ruby-2.3.7/gems/actionpack-4.2.5/lib/action_dispatch/middleware/templates/routes/_route.html.erb (1.7ms)
  Rendered /home/bruna/.rvm/gems/ruby-2.3.7/gems/actionpack-4.2.5/lib/action_dispatch/middleware/templates/routes/_table.html.erb (9.5ms)
  Rendered /home/bruna/.rvm/gems/ruby-2.3.7/gems/railties-4.2.5/lib/rails/templates/rails/info/routes.html.erb within layouts/application (21.7ms)
Completed 200 OK in 58ms (Views: 46.9ms | ActiveRecord: 0.0ms)


Started GET "/" for 127.0.0.1 at 2018-11-03 22:11:10 -0300
Processing by StaticPagesController#home as HTML
  Rendered static_pages/home.html.erb within layouts/application (289.1ms)
  Rendered layouts/_rails_default.html.erb (41.8ms)
  Rendered layouts/_shim.html.erb (0.4ms)
  Rendered layouts/_header.html.erb (0.9ms)
  Rendered layouts/_footer.html.erb (0.6ms)
Completed 200 OK in 346ms (Views: 344.0ms | ActiveRecord: 0.0ms)


Started GET "/" for 127.0.0.1 at 2018-11-03 22:11:11 -0300
Processing by StaticPagesController#home as HTML
  Rendered static_pages/home.html.erb within layouts/application (2.3ms)
  Rendered layouts/_rails_default.html.erb (31.3ms)
  Rendered layouts/_shim.html.erb (0.1ms)
  Rendered layouts/_header.html.erb (0.4ms)
  Rendered layouts/_footer.html.erb (0.2ms)
Completed 200 OK in 40ms (Views: 39.6ms | ActiveRecord: 0.0ms)


Started GET "/rails/info/routes" for 127.0.0.1 at 2018-11-03 22:15:23 -0300
Processing by Rails::InfoController#routes as HTML
  Rendered /home/bruna/.rvm/gems/ruby-2.3.7/gems/actionpack-4.2.5/lib/action_dispatch/middleware/templates/routes/_route.html.erb (1.4ms)
  Rendered /home/bruna/.rvm/gems/ruby-2.3.7/gems/actionpack-4.2.5/lib/action_dispatch/middleware/templates/routes/_table.html.erb (9.6ms)
  Rendered /home/bruna/.rvm/gems/ruby-2.3.7/gems/railties-4.2.5/lib/rails/templates/rails/info/routes.html.erb within layouts/application (22.5ms)
Completed 200 OK in 47ms (Views: 35.2ms | ActiveRecord: 0.0ms)


Started GET "/" for 127.0.0.1 at 2018-11-03 22:15:29 -0300
Processing by StaticPagesController#home as HTML
  Rendered static_pages/home.html.erb within layouts/application (290.2ms)
  Rendered layouts/_rails_default.html.erb (41.4ms)
  Rendered layouts/_shim.html.erb (0.5ms)
  Rendered layouts/_header.html.erb (0.9ms)
  Rendered layouts/_footer.html.erb (0.7ms)
Completed 200 OK in 348ms (Views: 347.3ms | ActiveRecord: 0.0ms)


Started GET "/static_pages/help" for 127.0.0.1 at 2018-11-03 22:15:30 -0300
Processing by StaticPagesController#help as HTML
  Rendered static_pages/help.html.erb within layouts/application (0.5ms)
  Rendered layouts/_rails_default.html.erb (29.7ms)
  Rendered layouts/_shim.html.erb (0.1ms)
  Rendered layouts/_header.html.erb (0.4ms)
  Rendered layouts/_footer.html.erb (0.2ms)
Completed 200 OK in 36ms (Views: 35.5ms | ActiveRecord: 0.0ms)


Started GET "/" for 127.0.0.1 at 2018-11-03 22:15:33 -0300
Processing by StaticPagesController#home as HTML
  Rendered static_pages/home.html.erb within layouts/application (1.3ms)
  Rendered layouts/_rails_default.html.erb (99.3ms)
  Rendered layouts/_shim.html.erb (0.1ms)
  Rendered layouts/_header.html.erb (0.5ms)
  Rendered layouts/_footer.html.erb (0.2ms)
Completed 200 OK in 112ms (Views: 111.4ms | ActiveRecord: 0.0ms)


Started GET "/static_pages/help" for 127.0.0.1 at 2018-11-03 22:15:33 -0300
Processing by StaticPagesController#help as HTML
  Rendered static_pages/help.html.erb within layouts/application (0.1ms)
  Rendered layouts/_rails_default.html.erb (41.3ms)
  Rendered layouts/_shim.html.erb (0.1ms)
  Rendered layouts/_header.html.erb (0.6ms)
  Rendered layouts/_footer.html.erb (0.2ms)
Completed 200 OK in 49ms (Views: 47.6ms | ActiveRecord: 0.0ms)


Started GET "/" for 127.0.0.1 at 2018-11-03 22:15:34 -0300
Processing by StaticPagesController#home as HTML
  Rendered static_pages/home.html.erb within layouts/application (3.7ms)
  Rendered layouts/_rails_default.html.erb (70.0ms)
  Rendered layouts/_shim.html.erb (0.1ms)
  Rendered layouts/_header.html.erb (0.3ms)
  Rendered layouts/_footer.html.erb (0.2ms)
Completed 200 OK in 82ms (Views: 81.3ms | ActiveRecord: 0.0ms)


Started GET "/" for 127.0.0.1 at 2018-11-03 22:15:53 -0300
Processing by StaticPagesController#home as HTML
  Rendered static_pages/home.html.erb within layouts/application (3.6ms)
  Rendered layouts/_rails_default.html.erb (57.9ms)
  Rendered layouts/_shim.html.erb (0.1ms)
  Rendered layouts/_header.html.erb (1.7ms)
  Rendered layouts/_footer.html.erb (0.3ms)
Completed 200 OK in 79ms (Views: 74.6ms | ActiveRecord: 0.0ms)


Started GET "/rails/info/routes" for 127.0.0.1 at 2018-11-03 22:15:58 -0300
Processing by Rails::InfoController#routes as HTML
  Rendered /home/bruna/.rvm/gems/ruby-2.3.7/gems/actionpack-4.2.5/lib/action_dispatch/middleware/templates/routes/_route.html.erb (0.3ms)
  Rendered /home/bruna/.rvm/gems/ruby-2.3.7/gems/actionpack-4.2.5/lib/action_dispatch/middleware/templates/routes/_table.html.erb (0.5ms)
  Rendered /home/bruna/.rvm/gems/ruby-2.3.7/gems/railties-4.2.5/lib/rails/templates/rails/info/routes.html.erb within layouts/application (7.2ms)
Completed 200 OK in 11ms (Views: 10.3ms | ActiveRecord: 0.0ms)


Started GET "/" for 127.0.0.1 at 2018-11-03 22:23:52 -0300
Processing by StaticPagesController#home as HTML
  Rendered static_pages/home.html.erb within layouts/application (1.9ms)
  Rendered layouts/_rails_default.html.erb (45.5ms)
  Rendered layouts/_shim.html.erb (0.1ms)
  Rendered layouts/_header.html.erb (0.4ms)
  Rendered layouts/_footer.html.erb (0.8ms)
Completed 200 OK in 60ms (Views: 58.9ms | ActiveRecord: 0.0ms)


Started GET "/" for 127.0.0.1 at 2018-11-03 22:24:16 -0300
Processing by StaticPagesController#home as HTML
  Rendered static_pages/home.html.erb within layouts/application (5.2ms)
  Rendered layouts/_rails_default.html.erb (41.4ms)
  Rendered layouts/_shim.html.erb (0.1ms)
  Rendered layouts/_header.html.erb (0.4ms)
  Rendered layouts/_footer.html.erb (0.9ms)
Completed 200 OK in 55ms (Views: 54.1ms | ActiveRecord: 0.0ms)


Started GET "/" for 127.0.0.1 at 2018-11-03 22:56:02 -0300
Processing by StaticPagesController#home as HTML
  Rendered static_pages/home.html.erb within layouts/application (301.6ms)
  Rendered layouts/_rails_default.html.erb (43.7ms)
  Rendered layouts/_shim.html.erb (0.5ms)
  Rendered layouts/_header.html.erb (0.9ms)
  Rendered layouts/_footer.html.erb (0.7ms)
Completed 200 OK in 377ms (Views: 364.9ms | ActiveRecord: 0.0ms)


Started GET "/rails/info/routes" for 127.0.0.1 at 2018-11-03 23:02:11 -0300
Processing by Rails::InfoController#routes as HTML
  Rendered /home/bruna/.rvm/gems/ruby-2.3.7/gems/actionpack-4.2.5/lib/action_dispatch/middleware/templates/routes/_route.html.erb (1.2ms)
  Rendered /home/bruna/.rvm/gems/ruby-2.3.7/gems/actionpack-4.2.5/lib/action_dispatch/middleware/templates/routes/_table.html.erb (8.5ms)
  Rendered /home/bruna/.rvm/gems/ruby-2.3.7/gems/railties-4.2.5/lib/rails/templates/rails/info/routes.html.erb within layouts/application (17.3ms)
Completed 200 OK in 41ms (Views: 29.4ms | ActiveRecord: 0.0ms)


Started GET "/rails/info/routes" for 127.0.0.1 at 2018-11-03 23:13:08 -0300
Processing by Rails::InfoController#routes as HTML
  Rendered /home/bruna/.rvm/gems/ruby-2.3.7/gems/actionpack-4.2.5/lib/action_dispatch/middleware/templates/routes/_route.html.erb (0.5ms)
  Rendered /home/bruna/.rvm/gems/ruby-2.3.7/gems/actionpack-4.2.5/lib/action_dispatch/middleware/templates/routes/_table.html.erb (0.4ms)
  Rendered /home/bruna/.rvm/gems/ruby-2.3.7/gems/railties-4.2.5/lib/rails/templates/rails/info/routes.html.erb within layouts/application (4.4ms)
Completed 200 OK in 8ms (Views: 7.0ms | ActiveRecord: 0.0ms)


Started GET "/" for 127.0.0.1 at 2018-11-03 23:19:52 -0300
Processing by StaticPagesController#home as HTML
  Rendered static_pages/home.html.erb within layouts/application (417.0ms)
  Rendered layouts/_rails_default.html.erb (175.5ms)
  Rendered layouts/_shim.html.erb (0.5ms)
  Rendered layouts/_header.html.erb (1.2ms)
  Rendered layouts/_footer.html.erb (0.9ms)
Completed 200 OK in 609ms (Views: 608.5ms | ActiveRecord: 0.0ms)


Started GET "/assets/users.self-e3b0c44298fc1c149afbf4c8996fb92427ae41e4649b934ca495991b7852b855.css?body=1" for 127.0.0.1 at 2018-11-03 23:19:53 -0300


Started GET "/assets/users.self-877aef30ae1b040ab8a3aba4e3e309a11d7f2612f44dde450b5c157aa5f95c05.js?body=1" for 127.0.0.1 at 2018-11-03 23:19:53 -0300


Started GET "/" for 127.0.0.1 at 2018-11-03 23:19:54 -0300
Processing by StaticPagesController#home as HTML
  Rendered static_pages/home.html.erb within layouts/application (3.5ms)
  Rendered layouts/_rails_default.html.erb (92.6ms)
  Rendered layouts/_shim.html.erb (0.1ms)
  Rendered layouts/_header.html.erb (1.7ms)
  Rendered layouts/_footer.html.erb (0.2ms)
Completed 200 OK in 108ms (Views: 106.2ms | ActiveRecord: 0.0ms)


Started GET "/" for 127.0.0.1 at 2018-11-03 23:19:56 -0300
Processing by StaticPagesController#home as HTML
  Rendered static_pages/home.html.erb within layouts/application (4.3ms)
  Rendered layouts/_rails_default.html.erb (56.3ms)
  Rendered layouts/_shim.html.erb (0.1ms)
  Rendered layouts/_header.html.erb (0.3ms)
  Rendered layouts/_footer.html.erb (0.3ms)
Completed 200 OK in 71ms (Views: 69.0ms | ActiveRecord: 0.0ms)


Started GET "/" for 127.0.0.1 at 2018-11-03 23:20:14 -0300
Processing by StaticPagesController#home as HTML
  Rendered static_pages/home.html.erb within layouts/application (307.2ms)
  Rendered layouts/_rails_default.html.erb (47.1ms)
  Rendered layouts/_shim.html.erb (0.4ms)
  Rendered layouts/_header.html.erb (1.0ms)
  Rendered layouts/_footer.html.erb (0.6ms)
Completed 200 OK in 385ms (Views: 373.8ms | ActiveRecord: 0.0ms)


Started GET "/" for 127.0.0.1 at 2018-11-03 23:20:16 -0300
Processing by StaticPagesController#home as HTML
  Rendered static_pages/home.html.erb within layouts/application (1.3ms)
  Rendered layouts/_rails_default.html.erb (39.0ms)
  Rendered layouts/_shim.html.erb (0.1ms)
  Rendered layouts/_header.html.erb (0.4ms)
  Rendered layouts/_footer.html.erb (0.2ms)
Completed 200 OK in 50ms (Views: 48.9ms | ActiveRecord: 0.0ms)


Started GET "/" for 127.0.0.1 at 2018-11-03 23:20:18 -0300
Processing by StaticPagesController#home as HTML
  Rendered static_pages/home.html.erb within layouts/application (2.1ms)
  Rendered layouts/_rails_default.html.erb (88.9ms)
  Rendered layouts/_shim.html.erb (0.0ms)
  Rendered layouts/_header.html.erb (0.5ms)
  Rendered layouts/_footer.html.erb (0.2ms)
Completed 200 OK in 98ms (Views: 97.4ms | ActiveRecord: 0.0ms)


Started GET "/users/new" for 127.0.0.1 at 2018-11-03 23:20:24 -0300
Processing by UsersController#new as HTML
  Rendered users/new.html.erb within layouts/application (0.5ms)
  Rendered layouts/_rails_default.html.erb (53.7ms)
  Rendered layouts/_shim.html.erb (0.1ms)
  Rendered layouts/_header.html.erb (0.5ms)
  Rendered layouts/_footer.html.erb (0.3ms)
Completed 200 OK in 68ms (Views: 66.7ms | ActiveRecord: 0.0ms)


Started GET "/" for 127.0.0.1 at 2018-11-03 23:21:32 -0300
Processing by StaticPagesController#home as HTML
  Rendered static_pages/home.html.erb within layouts/application (16.5ms)
  Rendered layouts/_rails_default.html.erb (67.8ms)
  Rendered layouts/_shim.html.erb (0.1ms)
  Rendered layouts/_header.html.erb (0.3ms)
  Rendered layouts/_footer.html.erb (0.2ms)
Completed 200 OK in 94ms (Views: 93.5ms | ActiveRecord: 0.0ms)


Started GET "/" for 127.0.0.1 at 2018-11-03 23:21:34 -0300
Processing by StaticPagesController#home as HTML
  Rendered static_pages/home.html.erb within layouts/application (4.2ms)
  Rendered layouts/_rails_default.html.erb (58.1ms)
  Rendered layouts/_shim.html.erb (0.2ms)
  Rendered layouts/_header.html.erb (0.3ms)
  Rendered layouts/_footer.html.erb (0.2ms)
Completed 200 OK in 71ms (Views: 69.3ms | ActiveRecord: 0.0ms)


Started GET "/" for 127.0.0.1 at 2018-11-03 23:21:35 -0300
Processing by StaticPagesController#home as HTML
  Rendered static_pages/home.html.erb within layouts/application (1.6ms)
  Rendered layouts/_rails_default.html.erb (54.5ms)
  Rendered layouts/_shim.html.erb (0.0ms)
  Rendered layouts/_header.html.erb (0.4ms)
  Rendered layouts/_footer.html.erb (0.2ms)
Completed 200 OK in 65ms (Views: 64.3ms | ActiveRecord: 0.0ms)


Started GET "/users/new" for 127.0.0.1 at 2018-11-03 23:21:37 -0300
Processing by UsersController#new as HTML
  Rendered users/new.html.erb within layouts/application (0.1ms)
  Rendered layouts/_rails_default.html.erb (38.3ms)
  Rendered layouts/_shim.html.erb (0.1ms)
  Rendered layouts/_header.html.erb (0.5ms)
  Rendered layouts/_footer.html.erb (0.2ms)
Completed 200 OK in 46ms (Views: 44.9ms | ActiveRecord: 0.0ms)


Started GET "/users/new" for 127.0.0.1 at 2018-11-03 23:25:20 -0300
Processing by UsersController#new as HTML
  Rendered users/new.html.erb within layouts/application (1.7ms)
  Rendered layouts/_rails_default.html.erb (343.1ms)
  Rendered layouts/_shim.html.erb (0.4ms)
  Rendered layouts/_header.html.erb (1.0ms)
  Rendered layouts/_footer.html.erb (0.7ms)
Completed 200 OK in 376ms (Views: 364.6ms | ActiveRecord: 0.0ms)


Started GET "/users/new" for 127.0.0.1 at 2018-11-03 23:26:41 -0300
Processing by UsersController#new as HTML
  Rendered users/new.html.erb within layouts/application (0.6ms)
  Rendered layouts/_rails_default.html.erb (32.3ms)
  Rendered layouts/_shim.html.erb (0.1ms)
  Rendered layouts/_header.html.erb (0.9ms)
  Rendered layouts/_footer.html.erb (0.2ms)
Completed 200 OK in 40ms (Views: 39.3ms | ActiveRecord: 0.0ms)


Started GET "/users/new" for 127.0.0.1 at 2018-11-03 23:29:41 -0300
Processing by UsersController#new as HTML
  Rendered users/new.html.erb within layouts/application (0.5ms)
  Rendered layouts/_rails_default.html.erb (78.2ms)
  Rendered layouts/_shim.html.erb (0.1ms)
  Rendered layouts/_header.html.erb (0.9ms)
  Rendered layouts/_footer.html.erb (0.2ms)
Completed 200 OK in 86ms (Views: 85.2ms | ActiveRecord: 0.0ms)
